<?xml version="1.0" encoding="UTF-8"?>
<testsuite xmlns:xsi="http://www.w3.org/2001/XMLSchema-instance" xsi:noNamespaceSchemaLocation="https://maven.apache.org/surefire/maven-surefire-plugin/xsd/surefire-test-report.xsd" name="com.github.alexthesuperb.jopenboxscore.BoxscoreGameAccountTest" time="123.404" tests="2431" errors="0" skipped="0" failures="112">
  <properties>
[...]
</properties>
  <testcase name="testGame[0: ANA201804020]" classname="com.github.alexthesuperb.jopenboxscore.BoxscoreGameAccountTest" time="0.011">
    <failure message="arrays first differed at element [10]; expected:&lt;1&gt; but was:&lt;2&gt;" type="org.junit.internal.ArrayComparisonFailure"><![CDATA[org.junit.internal.ArrayComparisonFailure: arrays first differed at element [10]; expected:<1> but was:<2>
	at com.github.alexthesuperb.jopenboxscore.BoxscoreGameAccountTest.testGame(BoxscoreGameAccountTest.java:181)
]]></failure>
  </testcase>
  <testcase name="testGame[1: ANA201804030]" classname="com.github.alexthesuperb.jopenboxscore.BoxscoreGameAccountTest" time="0"/>
  <testcase name="testGame[2: ANA201804040]" classname="com.github.alexthesuperb.jopenboxscore.BoxscoreGameAccountTest" time="0"/>
  <testcase name="testGame[3: ANA201804060]" classname="com.github.alexthesuperb.jopenboxscore.BoxscoreGameAccountTest" time="0.001"/>
  <testcase name="testGame[4: ANA201804070]" classname="com.github.alexthesuperb.jopenboxscore.BoxscoreGameAccountTest" time="0.001"/>
  <testcase name="testGame[5: ANA201804080]" classname="com.github.alexthesuperb.jopenboxscore.BoxscoreGameAccountTest" time="0"/>
  <testcase name="testGame[6: ANA201804170]" classname="com.github.alexthesuperb.jopenboxscore.BoxscoreGameAccountTest" time="0"/>
  <testcase name="testGame[7: ANA201804180]" classname="com.github.alexthesuperb.jopenboxscore.BoxscoreGameAccountTest" time="0"/>
  <testcase name="testGame[8: ANA201804190]" classname="com.github.alexthesuperb.jopenboxscore.BoxscoreGameAccountTest" time="0"/>
  <testcase name="testGame[9: ANA201804200]" classname="com.github.alexthesuperb.jopenboxscore.BoxscoreGameAccountTest" time="0"/>
  <testcase name="testGame[10: ANA201804210]" classname="com.github.alexthesuperb.jopenboxscore.BoxscoreGameAccountTest" time="0"/>
  <testcase name="testGame[11: ANA201804220]" classname="com.github.alexthesuperb.jopenboxscore.BoxscoreGameAccountTest" time="0.001"/>
  <testcase name="testGame[12: ANA201804270]" classname="com.github.alexthesuperb.jopenboxscore.BoxscoreGameAccountTest" time="0"/>
  <testcase name="testGame[13: ANA201804280]" classname="com.github.alexthesuperb.jopenboxscore.BoxscoreGameAccountTest" time="0.001"/>
  <testcase name="testGame[14: ANA201804290]" classname="com.github.alexthesuperb.jopenboxscore.BoxscoreGameAccountTest" time="0"/>
  <testcase name="testGame[15: ANA201805010]" classname="com.github.alexthesuperb.jopenboxscore.BoxscoreGameAccountTest" time="0.001"/>
  <testcase name="testGame[16: ANA201805020]" classname="com.github.alexthesuperb.jopenboxscore.BoxscoreGameAccountTest" time="0"/>
  <testcase name="testGame[17: ANA201805030]" classname="com.github.alexthesuperb.jopenboxscore.BoxscoreGameAccountTest" time="0"/>
  <testcase name="testGame[18: ANA201805100]" classname="com.github.alexthesuperb.jopenboxscore.BoxscoreGameAccountTest" time="0"/>
  <testcase name="testGame[19: ANA201805110]" classname="com.github.alexthesuperb.jopenboxscore.BoxscoreGameAccountTest" time="0.001"/>
  <testcase name="testGame[20: ANA201805120]" classname="com.github.alexthesuperb.jopenboxscore.BoxscoreGameAccountTest" time="0"/>
  <testcase name="testGame[21: ANA201805130]" classname="com.github.alexthesuperb.jopenboxscore.BoxscoreGameAccountTest" time="0"/>
  <testcase name="testGame[22: ANA201805140]" classname="com.github.alexthesuperb.jopenboxscore.BoxscoreGameAccountTest" time="0"/>
  <testcase name="testGame[23: ANA201805150]" classname="com.github.alexthesuperb.jopenboxscore.BoxscoreGameAccountTest" time="0"/>
  <testcase name="testGame[24: ANA201805160]" classname="com.github.alexthesuperb.jopenboxscore.BoxscoreGameAccountTest" time="0"/>
  <testcase name="testGame[25: ANA201805170]" classname="com.github.alexthesuperb.jopenboxscore.BoxscoreGameAccountTest" time="0"/>
  <testcase name="testGame[26: ANA201805180]" classname="com.github.alexthesuperb.jopenboxscore.BoxscoreGameAccountTest" time="0.001"/>
  <testcase name="testGame[27: ANA201805190]" classname="com.github.alexthesuperb.jopenboxscore.BoxscoreGameAccountTest" time="0"/>
  <testcase name="testGame[28: ANA201805200]" classname="com.github.alexthesuperb.jopenboxscore.BoxscoreGameAccountTest" time="0"/>
  <testcase name="testGame[29: ANA201806010]" classname="com.github.alexthesuperb.jopenboxscore.BoxscoreGameAccountTest" time="0.001"/>
  <testcase name="testGame[30: ANA201806020]" classname="com.github.alexthesuperb.jopenboxscore.BoxscoreGameAccountTest" time="0.001">
    <failure message="actual array was null" type="java.lang.AssertionError">java.lang.AssertionError: actual array was null
	at com.github.alexthesuperb.jopenboxscore.BoxscoreGameAccountTest.testGame(BoxscoreGameAccountTest.java:181)
</failure>
  </testcase>
  <testcase name="testGame[31: ANA201806030]" classname="com.github.alexthesuperb.jopenboxscore.BoxscoreGameAccountTest" time="0"/>
  <testcase name="testGame[32: ANA201806040]" classname="com.github.alexthesuperb.jopenboxscore.BoxscoreGameAccountTest" time="0"/>
  <testcase name="testGame[33: ANA201806050]" classname="com.github.alexthesuperb.jopenboxscore.BoxscoreGameAccountTest" time="0"/>
  <testcase name="testGame[34: ANA201806060]" classname="com.github.alexthesuperb.jopenboxscore.BoxscoreGameAccountTest" time="0"/>
  <testcase name="testGame[35: ANA201806180]" classname="com.github.alexthesuperb.jopenboxscore.BoxscoreGameAccountTest" time="0"/>
  <testcase name="testGame[36: ANA201806190]" classname="com.github.alexthesuperb.jopenboxscore.BoxscoreGameAccountTest" time="0"/>
  <testcase name="testGame[37: ANA201806210]" classname="com.github.alexthesuperb.jopenboxscore.BoxscoreGameAccountTest" time="0"/>
  <testcase name="testGame[38: ANA201806220]" classname="com.github.alexthesuperb.jopenboxscore.BoxscoreGameAccountTest" time="0"/>
  <testcase name="testGame[39: ANA201806230]" classname="com.github.alexthesuperb.jopenboxscore.BoxscoreGameAccountTest" time="0.001"/>
  <testcase name="testGame[40: ANA201806240]" classname="com.github.alexthesuperb.jopenboxscore.BoxscoreGameAccountTest" time="0"/>
  <testcase name="testGame[41: ANA201807060]" classname="com.github.alexthesuperb.jopenboxscore.BoxscoreGameAccountTest" time="0"/>
  <testcase name="testGame[42: ANA201807070]" classname="com.github.alexthesuperb.jopenboxscore.BoxscoreGameAccountTest" time="0"/>
  <testcase name="testGame[43: ANA201807080]" classname="com.github.alexthesuperb.jopenboxscore.BoxscoreGameAccountTest" time="0"/>
  <testcase name="testGame[44: ANA201807100]" classname="com.github.alexthesuperb.jopenboxscore.BoxscoreGameAccountTest" time="0.001">
    <failure message="arrays first differed at element [7]; expected:&lt;35&gt; but was:&lt;36&gt;" type="org.junit.internal.ArrayComparisonFailure"><![CDATA[org.junit.internal.ArrayComparisonFailure: arrays first differed at element [7]; expected:<35> but was:<36>
	at com.github.alexthesuperb.jopenboxscore.BoxscoreGameAccountTest.testGame(BoxscoreGameAccountTest.java:181)
]]></failure>
  </testcase>
  <testcase name="testGame[45: ANA201807110]" classname="com.github.alexthesuperb.jopenboxscore.BoxscoreGameAccountTest" time="0"/>
  <testcase name="testGame[46: ANA201807120]" classname="com.github.alexthesuperb.jopenboxscore.BoxscoreGameAccountTest" time="0.001"/>
  <testcase name="testGame[47: ANA201807200]" classname="com.github.alexthesuperb.jopenboxscore.BoxscoreGameAccountTest" time="0"/>
  <testcase name="testGame[48: ANA201807210]" classname="com.github.alexthesuperb.jopenboxscore.BoxscoreGameAccountTest" time="0"/>
  <testcase name="testGame[49: ANA201807220]" classname="com.github.alexthesuperb.jopenboxscore.BoxscoreGameAccountTest" time="0.001">
    <failure message="arrays first differed at element [3]; expected:&lt;51&gt; but was:&lt;50&gt;" type="org.junit.internal.ArrayComparisonFailure"><![CDATA[org.junit.internal.ArrayComparisonFailure: arrays first differed at element [3]; expected:<51> but was:<50>
	at com.github.alexthesuperb.jopenboxscore.BoxscoreGameAccountTest.testGame(BoxscoreGameAccountTest.java:181)
]]></failure>
  </testcase>
  <testcase name="testGame[50: ANA201807230]" classname="com.github.alexthesuperb.jopenboxscore.BoxscoreGameAccountTest" time="0"/>
  <testcase name="testGame[51: ANA201807240]" classname="com.github.alexthesuperb.jopenboxscore.BoxscoreGameAccountTest" time="0"/>
  <testcase name="testGame[52: ANA201807250]" classname="com.github.alexthesuperb.jopenboxscore.BoxscoreGameAccountTest" time="0.001"/>
  <testcase name="testGame[53: ANA201807260]" classname="com.github.alexthesuperb.jopenboxscore.BoxscoreGameAccountTest" time="0"/>
  <testcase name="testGame[54: ANA201807270]" classname="com.github.alexthesuperb.jopenboxscore.BoxscoreGameAccountTest" time="0"/>
  <testcase name="testGame[55: ANA201807280]" classname="com.github.alexthesuperb.jopenboxscore.BoxscoreGameAccountTest" time="0"/>
  <testcase name="testGame[56: ANA201807290]" classname="com.github.alexthesuperb.jopenboxscore.BoxscoreGameAccountTest" time="0"/>
  <testcase name="testGame[57: ANA201808060]" classname="com.github.alexthesuperb.jopenboxscore.BoxscoreGameAccountTest" time="0"/>
  <testcase name="testGame[58: ANA201808070]" classname="com.github.alexthesuperb.jopenboxscore.BoxscoreGameAccountTest" time="0"/>
  <testcase name="testGame[59: ANA201808080]" classname="com.github.alexthesuperb.jopenboxscore.BoxscoreGameAccountTest" time="0"/>
  <testcase name="testGame[60: ANA201808100]" classname="com.github.alexthesuperb.jopenboxscore.BoxscoreGameAccountTest" time="0"/>
  <testcase name="testGame[61: ANA201808110]" classname="com.github.alexthesuperb.jopenboxscore.BoxscoreGameAccountTest" time="0"/>
  <testcase name="testGame[62: ANA201808120]" classname="com.github.alexthesuperb.jopenboxscore.BoxscoreGameAccountTest" time="0"/>
  <testcase name="testGame[63: ANA201808240]" classname="com.github.alexthesuperb.jopenboxscore.BoxscoreGameAccountTest" time="0"/>
  <testcase name="testGame[64: ANA201808250]" classname="com.github.alexthesuperb.jopenboxscore.BoxscoreGameAccountTest" time="0.001"/>
  <testcase name="testGame[65: ANA201808260]" classname="com.github.alexthesuperb.jopenboxscore.BoxscoreGameAccountTest" time="0"/>
  <testcase name="testGame[66: ANA201808270]" classname="com.github.alexthesuperb.jopenboxscore.BoxscoreGameAccountTest" time="0"/>
  <testcase name="testGame[67: ANA201808280]" classname="com.github.alexthesuperb.jopenboxscore.BoxscoreGameAccountTest" time="0"/>
  <testcase name="testGame[68: ANA201809100]" classname="com.github.alexthesuperb.jopenboxscore.BoxscoreGameAccountTest" time="0"/>
  <testcase name="testGame[69: ANA201809110]" classname="com.github.alexthesuperb.jopenboxscore.BoxscoreGameAccountTest" time="0"/>
  <testcase name="testGame[70: ANA201809120]" classname="com.github.alexthesuperb.jopenboxscore.BoxscoreGameAccountTest" time="0"/>
  <testcase name="testGame[71: ANA201809130]" classname="com.github.alexthesuperb.jopenboxscore.BoxscoreGameAccountTest" time="0"/>
  <testcase name="testGame[72: ANA201809140]" classname="com.github.alexthesuperb.jopenboxscore.BoxscoreGameAccountTest" time="0"/>
  <testcase name="testGame[73: ANA201809150]" classname="com.github.alexthesuperb.jopenboxscore.BoxscoreGameAccountTest" time="0"/>
  <testcase name="testGame[74: ANA201809160]" classname="com.github.alexthesuperb.jopenboxscore.BoxscoreGameAccountTest" time="0"/>
  <testcase name="testGame[75: ANA201809240]" classname="com.github.alexthesuperb.jopenboxscore.BoxscoreGameAccountTest" time="0"/>
  <testcase name="testGame[76: ANA201809250]" classname="com.github.alexthesuperb.jopenboxscore.BoxscoreGameAccountTest" time="0"/>
  <testcase name="testGame[77: ANA201809260]" classname="com.github.alexthesuperb.jopenboxscore.BoxscoreGameAccountTest" time="0"/>
  <testcase name="testGame[78: ANA201809280]" classname="com.github.alexthesuperb.jopenboxscore.BoxscoreGameAccountTest" time="0"/>
  <testcase name="testGame[79: ANA201809290]" classname="com.github.alexthesuperb.jopenboxscore.BoxscoreGameAccountTest" time="0"/>
  <testcase name="testGame[80: ANA201809300]" classname="com.github.alexthesuperb.jopenboxscore.BoxscoreGameAccountTest" time="0"/>
  <testcase name="testGame[81: ARI201803290]" classname="com.github.alexthesuperb.jopenboxscore.BoxscoreGameAccountTest" time="0"/>
  <testcase name="testGame[82: ARI201803300]" classname="com.github.alexthesuperb.jopenboxscore.BoxscoreGameAccountTest" time="0"/>
  <testcase name="testGame[83: ARI201803310]" classname="com.github.alexthesuperb.jopenboxscore.BoxscoreGameAccountTest" time="0.009"/>
  <testcase name="testGame[84: ARI201804020]" classname="com.github.alexthesuperb.jopenboxscore.BoxscoreGameAccountTest" time="0"/>
  <testcase name="testGame[85: ARI201804030]" classname="com.github.alexthesuperb.jopenboxscore.BoxscoreGameAccountTest" time="0"/>
  <testcase name="testGame[86: ARI201804040]" classname="com.github.alexthesuperb.jopenboxscore.BoxscoreGameAccountTest" time="0"/>
  <testcase name="testGame[87: ARI201804170]" classname="com.github.alexthesuperb.jopenboxscore.BoxscoreGameAccountTest" time="0"/>
  <testcase name="testGame[88: ARI201804180]" classname="com.github.alexthesuperb.jopenboxscore.BoxscoreGameAccountTest" time="0"/>
  <testcase name="testGame[89: ARI201804190]" classname="com.github.alexthesuperb.jopenboxscore.BoxscoreGameAccountTest" time="0"/>
  <testcase name="testGame[90: ARI201804200]" classname="com.github.alexthesuperb.jopenboxscore.BoxscoreGameAccountTest" time="0"/>
  <testcase name="testGame[91: ARI201804210]" classname="com.github.alexthesuperb.jopenboxscore.BoxscoreGameAccountTest" time="0"/>
  <testcase name="testGame[92: ARI201804220]" classname="com.github.alexthesuperb.jopenboxscore.BoxscoreGameAccountTest" time="0.001"/>
  <testcase name="testGame[93: ARI201804300]" classname="com.github.alexthesuperb.jopenboxscore.BoxscoreGameAccountTest" time="0.001"/>
  <testcase name="testGame[94: ARI201805010]" classname="com.github.alexthesuperb.jopenboxscore.BoxscoreGameAccountTest" time="0"/>
  <testcase name="testGame[95: ARI201805020]" classname="com.github.alexthesuperb.jopenboxscore.BoxscoreGameAccountTest" time="0"/>
  <testcase name="testGame[96: ARI201805030]" classname="com.github.alexthesuperb.jopenboxscore.BoxscoreGameAccountTest" time="0"/>
  <testcase name="testGame[97: ARI201805040]" classname="com.github.alexthesuperb.jopenboxscore.BoxscoreGameAccountTest" time="0"/>
  <testcase name="testGame[98: ARI201805050]" classname="com.github.alexthesuperb.jopenboxscore.BoxscoreGameAccountTest" time="0"/>
  <testcase name="testGame[99: ARI201805060]" classname="com.github.alexthesuperb.jopenboxscore.BoxscoreGameAccountTest" time="0.001"/>
  <testcase name="testGame[100: ARI201805100]" classname="com.github.alexthesuperb.jopenboxscore.BoxscoreGameAccountTest" time="0.005"/>
  <testcase name="testGame[101: ARI201805110]" classname="com.github.alexthesuperb.jopenboxscore.BoxscoreGameAccountTest" time="0.009"/>
  <testcase name="testGame[102: ARI201805120]" classname="com.github.alexthesuperb.jopenboxscore.BoxscoreGameAccountTest" time="0"/>
  <testcase name="testGame[103: ARI201805130]" classname="com.github.alexthesuperb.jopenboxscore.BoxscoreGameAccountTest" time="0"/>
  <testcase name="testGame[104: ARI201805140]" classname="com.github.alexthesuperb.jopenboxscore.BoxscoreGameAccountTest" time="0"/>
  <testcase name="testGame[105: ARI201805150]" classname="com.github.alexthesuperb.jopenboxscore.BoxscoreGameAccountTest" time="0.001"/>
  <testcase name="testGame[106: ARI201805160]" classname="com.github.alexthesuperb.jopenboxscore.BoxscoreGameAccountTest" time="0.001"/>
  <testcase name="testGame[107: ARI201805280]" classname="com.github.alexthesuperb.jopenboxscore.BoxscoreGameAccountTest" time="0"/>
  <testcase name="testGame[108: ARI201805290]" classname="com.github.alexthesuperb.jopenboxscore.BoxscoreGameAccountTest" time="0.001"/>
  <testcase name="testGame[109: ARI201805300]" classname="com.github.alexthesuperb.jopenboxscore.BoxscoreGameAccountTest" time="0.001"/>
  <testcase name="testGame[110: ARI201806010]" classname="com.github.alexthesuperb.jopenboxscore.BoxscoreGameAccountTest" time="0"/>
  <testcase name="testGame[111: ARI201806020]" classname="com.github.alexthesuperb.jopenboxscore.BoxscoreGameAccountTest" time="0"/>
  <testcase name="testGame[112: ARI201806030]" classname="com.github.alexthesuperb.jopenboxscore.BoxscoreGameAccountTest" time="0.002">
    <failure message="actual array was null" type="java.lang.AssertionError">java.lang.AssertionError: actual array was null
	at com.github.alexthesuperb.jopenboxscore.BoxscoreGameAccountTest.testGame(BoxscoreGameAccountTest.java:181)
</failure>
  </testcase>
  <testcase name="testGame[113: ARI201806110]" classname="com.github.alexthesuperb.jopenboxscore.BoxscoreGameAccountTest" time="0.001"/>
  <testcase name="testGame[114: ARI201806120]" classname="com.github.alexthesuperb.jopenboxscore.BoxscoreGameAccountTest" time="0"/>
  <testcase name="testGame[115: ARI201806130]" classname="com.github.alexthesuperb.jopenboxscore.BoxscoreGameAccountTest" time="0.001"/>
  <testcase name="testGame[116: ARI201806140]" classname="com.github.alexthesuperb.jopenboxscore.BoxscoreGameAccountTest" time="0"/>
  <testcase name="testGame[117: ARI201806150]" classname="com.github.alexthesuperb.jopenboxscore.BoxscoreGameAccountTest" time="0.001"/>
  <testcase name="testGame[118: ARI201806160]" classname="com.github.alexthesuperb.jopenboxscore.BoxscoreGameAccountTest" time="0"/>
  <testcase name="testGame[119: ARI201806170]" classname="com.github.alexthesuperb.jopenboxscore.BoxscoreGameAccountTest" time="0"/>
  <testcase name="testGame[120: ARI201806290]" classname="com.github.alexthesuperb.jopenboxscore.BoxscoreGameAccountTest" time="0.001"/>
  <testcase name="testGame[121: ARI201806300]" classname="com.github.alexthesuperb.jopenboxscore.BoxscoreGameAccountTest" time="0.004"/>
  <testcase name="testGame[122: ARI201807010]" classname="com.github.alexthesuperb.jopenboxscore.BoxscoreGameAccountTest" time="0.002"/>
  <testcase name="testGame[123: ARI201807020]" classname="com.github.alexthesuperb.jopenboxscore.BoxscoreGameAccountTest" time="0.002"/>
  <testcase name="testGame[124: ARI201807030]" classname="com.github.alexthesuperb.jopenboxscore.BoxscoreGameAccountTest" time="0"/>
  <testcase name="testGame[125: ARI201807040]" classname="com.github.alexthesuperb.jopenboxscore.BoxscoreGameAccountTest" time="0"/>
  <testcase name="testGame[126: ARI201807050]" classname="com.github.alexthesuperb.jopenboxscore.BoxscoreGameAccountTest" time="0"/>
  <testcase name="testGame[127: ARI201807060]" classname="com.github.alexthesuperb.jopenboxscore.BoxscoreGameAccountTest" time="0.001">
    <failure message="arrays first differed at element [10]; expected:&lt;1&gt; but was:&lt;2&gt;" type="org.junit.internal.ArrayComparisonFailure"><![CDATA[org.junit.internal.ArrayComparisonFailure: arrays first differed at element [10]; expected:<1> but was:<2>
	at com.github.alexthesuperb.jopenboxscore.BoxscoreGameAccountTest.testGame(BoxscoreGameAccountTest.java:181)
]]></failure>
  </testcase>
  <testcase name="testGame[128: ARI201807070]" classname="com.github.alexthesuperb.jopenboxscore.BoxscoreGameAccountTest" time="0.001"/>
  <testcase name="testGame[129: ARI201807080]" classname="com.github.alexthesuperb.jopenboxscore.BoxscoreGameAccountTest" time="0"/>
  <testcase name="testGame[130: ARI201807200]" classname="com.github.alexthesuperb.jopenboxscore.BoxscoreGameAccountTest" time="0.001"/>
  <testcase name="testGame[131: ARI201807210]" classname="com.github.alexthesuperb.jopenboxscore.BoxscoreGameAccountTest" time="0"/>
  <testcase name="testGame[132: ARI201807220]" classname="com.github.alexthesuperb.jopenboxscore.BoxscoreGameAccountTest" time="0.014"/>
  <testcase name="testGame[133: ARI201807300]" classname="com.github.alexthesuperb.jopenboxscore.BoxscoreGameAccountTest" time="0"/>
  <testcase name="testGame[134: ARI201807310]" classname="com.github.alexthesuperb.jopenboxscore.BoxscoreGameAccountTest" time="0"/>
  <testcase name="testGame[135: ARI201808020]" classname="com.github.alexthesuperb.jopenboxscore.BoxscoreGameAccountTest" time="0"/>
  <testcase name="testGame[136: ARI201808030]" classname="com.github.alexthesuperb.jopenboxscore.BoxscoreGameAccountTest" time="0"/>
  <testcase name="testGame[137: ARI201808040]" classname="com.github.alexthesuperb.jopenboxscore.BoxscoreGameAccountTest" time="0"/>
  <testcase name="testGame[138: ARI201808050]" classname="com.github.alexthesuperb.jopenboxscore.BoxscoreGameAccountTest" time="0"/>
  <testcase name="testGame[139: ARI201808060]" classname="com.github.alexthesuperb.jopenboxscore.BoxscoreGameAccountTest" time="0"/>
  <testcase name="testGame[140: ARI201808070]" classname="com.github.alexthesuperb.jopenboxscore.BoxscoreGameAccountTest" time="0"/>
  <testcase name="testGame[141: ARI201808080]" classname="com.github.alexthesuperb.jopenboxscore.BoxscoreGameAccountTest" time="0"/>
  <testcase name="testGame[142: ARI201808210]" classname="com.github.alexthesuperb.jopenboxscore.BoxscoreGameAccountTest" time="0">
    <failure message="arrays first differed at element [11]; expected:&lt;30&gt; but was:&lt;31&gt;" type="org.junit.internal.ArrayComparisonFailure"><![CDATA[org.junit.internal.ArrayComparisonFailure: arrays first differed at element [11]; expected:<30> but was:<31>
	at com.github.alexthesuperb.jopenboxscore.BoxscoreGameAccountTest.testGame(BoxscoreGameAccountTest.java:181)
]]></failure>
  </testcase>
  <testcase name="testGame[143: ARI201808220]" classname="com.github.alexthesuperb.jopenboxscore.BoxscoreGameAccountTest" time="0"/>
  <testcase name="testGame[144: ARI201808240]" classname="com.github.alexthesuperb.jopenboxscore.BoxscoreGameAccountTest" time="0"/>
  <testcase name="testGame[145: ARI201808250]" classname="com.github.alexthesuperb.jopenboxscore.BoxscoreGameAccountTest" time="0"/>
  <testcase name="testGame[146: ARI201808260]" classname="com.github.alexthesuperb.jopenboxscore.BoxscoreGameAccountTest" time="0"/>
  <testcase name="testGame[147: ARI201809030]" classname="com.github.alexthesuperb.jopenboxscore.BoxscoreGameAccountTest" time="0"/>
  <testcase name="testGame[148: ARI201809040]" classname="com.github.alexthesuperb.jopenboxscore.BoxscoreGameAccountTest" time="0"/>
  <testcase name="testGame[149: ARI201809060]" classname="com.github.alexthesuperb.jopenboxscore.BoxscoreGameAccountTest" time="0"/>
  <testcase name="testGame[150: ARI201809070]" classname="com.github.alexthesuperb.jopenboxscore.BoxscoreGameAccountTest" time="0.001"/>
  <testcase name="testGame[151: ARI201809080]" classname="com.github.alexthesuperb.jopenboxscore.BoxscoreGameAccountTest" time="0"/>
  <testcase name="testGame[152: ARI201809090]" classname="com.github.alexthesuperb.jopenboxscore.BoxscoreGameAccountTest" time="0"/>
  <testcase name="testGame[153: ARI201809170]" classname="com.github.alexthesuperb.jopenboxscore.BoxscoreGameAccountTest" time="0.001"/>
  <testcase name="testGame[154: ARI201809180]" classname="com.github.alexthesuperb.jopenboxscore.BoxscoreGameAccountTest" time="0.001"/>
  <testcase name="testGame[155: ARI201809190]" classname="com.github.alexthesuperb.jopenboxscore.BoxscoreGameAccountTest" time="0"/>
  <testcase name="testGame[156: ARI201809210]" classname="com.github.alexthesuperb.jopenboxscore.BoxscoreGameAccountTest" time="0"/>
  <testcase name="testGame[157: ARI201809220]" classname="com.github.alexthesuperb.jopenboxscore.BoxscoreGameAccountTest" time="0"/>
  <testcase name="testGame[158: ARI201809230]" classname="com.github.alexthesuperb.jopenboxscore.BoxscoreGameAccountTest" time="0"/>
  <testcase name="testGame[159: ARI201809240]" classname="com.github.alexthesuperb.jopenboxscore.BoxscoreGameAccountTest" time="0.002"/>
  <testcase name="testGame[160: ARI201809250]" classname="com.github.alexthesuperb.jopenboxscore.BoxscoreGameAccountTest" time="0"/>
  <testcase name="testGame[161: ARI201809260]" classname="com.github.alexthesuperb.jopenboxscore.BoxscoreGameAccountTest" time="0"/>
  <testcase name="testGame[162: ATL201803290]" classname="com.github.alexthesuperb.jopenboxscore.BoxscoreGameAccountTest" time="0"/>
  <testcase name="testGame[163: ATL201803300]" classname="com.github.alexthesuperb.jopenboxscore.BoxscoreGameAccountTest" time="0"/>
  <testcase name="testGame[164: ATL201803310]" classname="com.github.alexthesuperb.jopenboxscore.BoxscoreGameAccountTest" time="0"/>
  <testcase name="testGame[165: ATL201804020]" classname="com.github.alexthesuperb.jopenboxscore.BoxscoreGameAccountTest" time="0.001"/>
  <testcase name="testGame[166: ATL201804030]" classname="com.github.alexthesuperb.jopenboxscore.BoxscoreGameAccountTest" time="0"/>
  <testcase name="testGame[167: ATL201804040]" classname="com.github.alexthesuperb.jopenboxscore.BoxscoreGameAccountTest" time="0"/>
  <testcase name="testGame[168: ATL201804160]" classname="com.github.alexthesuperb.jopenboxscore.BoxscoreGameAccountTest" time="0.001"/>
  <testcase name="testGame[169: ATL201804170]" classname="com.github.alexthesuperb.jopenboxscore.BoxscoreGameAccountTest" time="0"/>
  <testcase name="testGame[170: ATL201804180]" classname="com.github.alexthesuperb.jopenboxscore.BoxscoreGameAccountTest" time="0.001"/>
  <testcase name="testGame[171: ATL201804190]" classname="com.github.alexthesuperb.jopenboxscore.BoxscoreGameAccountTest" time="0"/>
  <testcase name="testGame[172: ATL201804200]" classname="com.github.alexthesuperb.jopenboxscore.BoxscoreGameAccountTest" time="0"/>
  <testcase name="testGame[173: ATL201804210]" classname="com.github.alexthesuperb.jopenboxscore.BoxscoreGameAccountTest" time="0">
    <failure message="actual array was null" type="java.lang.AssertionError">java.lang.AssertionError: actual array was null
	at com.github.alexthesuperb.jopenboxscore.BoxscoreGameAccountTest.testGame(BoxscoreGameAccountTest.java:181)
</failure>
  </testcase>
  <testcase name="testGame[174: ATL201805040]" classname="com.github.alexthesuperb.jopenboxscore.BoxscoreGameAccountTest" time="0"/>
  <testcase name="testGame[175: ATL201805050]" classname="com.github.alexthesuperb.jopenboxscore.BoxscoreGameAccountTest" time="0"/>
  <testcase name="testGame[176: ATL201805060]" classname="com.github.alexthesuperb.jopenboxscore.BoxscoreGameAccountTest" time="0.003"/>
  <testcase name="testGame[177: ATL201805150]" classname="com.github.alexthesuperb.jopenboxscore.BoxscoreGameAccountTest" time="0.001">
    <failure message="actual array was null" type="java.lang.AssertionError">java.lang.AssertionError: actual array was null
	at com.github.alexthesuperb.jopenboxscore.BoxscoreGameAccountTest.testGame(BoxscoreGameAccountTest.java:181)
</failure>
  </testcase>
  <testcase name="testGame[178: ATL201805160]" classname="com.github.alexthesuperb.jopenboxscore.BoxscoreGameAccountTest" time="0.001"/>
  <testcase name="testGame[179: ATL201805180]" classname="com.github.alexthesuperb.jopenboxscore.BoxscoreGameAccountTest" time="0"/>
  <testcase name="testGame[180: ATL201805190]" classname="com.github.alexthesuperb.jopenboxscore.BoxscoreGameAccountTest" time="0">
    <failure message="arrays first differed at element [11]; expected:&lt;28&gt; but was:&lt;29&gt;" type="org.junit.internal.ArrayComparisonFailure"><![CDATA[org.junit.internal.ArrayComparisonFailure: arrays first differed at element [11]; expected:<28> but was:<29>
	at com.github.alexthesuperb.jopenboxscore.BoxscoreGameAccountTest.testGame(BoxscoreGameAccountTest.java:181)
]]></failure>
  </testcase>
  <testcase name="testGame[181: ATL201805200]" classname="com.github.alexthesuperb.jopenboxscore.BoxscoreGameAccountTest" time="0"/>
  <testcase name="testGame[182: ATL201805281]" classname="com.github.alexthesuperb.jopenboxscore.BoxscoreGameAccountTest" time="0"/>
  <testcase name="testGame[183: ATL201805282]" classname="com.github.alexthesuperb.jopenboxscore.BoxscoreGameAccountTest" time="0"/>
  <testcase name="testGame[184: ATL201805290]" classname="com.github.alexthesuperb.jopenboxscore.BoxscoreGameAccountTest" time="0"/>
  <testcase name="testGame[185: ATL201805300]" classname="com.github.alexthesuperb.jopenboxscore.BoxscoreGameAccountTest" time="0"/>
  <testcase name="testGame[186: ATL201805310]" classname="com.github.alexthesuperb.jopenboxscore.BoxscoreGameAccountTest" time="0"/>
  <testcase name="testGame[187: ATL201806010]" classname="com.github.alexthesuperb.jopenboxscore.BoxscoreGameAccountTest" time="0"/>
  <testcase name="testGame[188: ATL201806020]" classname="com.github.alexthesuperb.jopenboxscore.BoxscoreGameAccountTest" time="0"/>
  <testcase name="testGame[189: ATL201806030]" classname="com.github.alexthesuperb.jopenboxscore.BoxscoreGameAccountTest" time="0"/>
  <testcase name="testGame[190: ATL201806120]" classname="com.github.alexthesuperb.jopenboxscore.BoxscoreGameAccountTest" time="0"/>
  <testcase name="testGame[191: ATL201806130]" classname="com.github.alexthesuperb.jopenboxscore.BoxscoreGameAccountTest" time="0.001"/>
  <testcase name="testGame[192: ATL201806140]" classname="com.github.alexthesuperb.jopenboxscore.BoxscoreGameAccountTest" time="0"/>
  <testcase name="testGame[193: ATL201806150]" classname="com.github.alexthesuperb.jopenboxscore.BoxscoreGameAccountTest" time="0"/>
  <testcase name="testGame[194: ATL201806160]" classname="com.github.alexthesuperb.jopenboxscore.BoxscoreGameAccountTest" time="0"/>
  <testcase name="testGame[195: ATL201806170]" classname="com.github.alexthesuperb.jopenboxscore.BoxscoreGameAccountTest" time="0.001"/>
  <testcase name="testGame[196: ATL201806220]" classname="com.github.alexthesuperb.jopenboxscore.BoxscoreGameAccountTest" time="0.001"/>
  <testcase name="testGame[197: ATL201806230]" classname="com.github.alexthesuperb.jopenboxscore.BoxscoreGameAccountTest" time="0"/>
  <testcase name="testGame[198: ATL201806240]" classname="com.github.alexthesuperb.jopenboxscore.BoxscoreGameAccountTest" time="0"/>
  <testcase name="testGame[199: ATL201806250]" classname="com.github.alexthesuperb.jopenboxscore.BoxscoreGameAccountTest" time="0"/>
  <testcase name="testGame[200: ATL201806260]" classname="com.github.alexthesuperb.jopenboxscore.BoxscoreGameAccountTest" time="0.001"/>
  <testcase name="testGame[201: ATL201806270]" classname="com.github.alexthesuperb.jopenboxscore.BoxscoreGameAccountTest" time="0"/>
  <testcase name="testGame[202: ATL201807100]" classname="com.github.alexthesuperb.jopenboxscore.BoxscoreGameAccountTest" time="0"/>
  <testcase name="testGame[203: ATL201807110]" classname="com.github.alexthesuperb.jopenboxscore.BoxscoreGameAccountTest" time="0.007">
    <failure message="arrays first differed at element [11]; expected:&lt;36&gt; but was:&lt;37&gt;" type="org.junit.internal.ArrayComparisonFailure"><![CDATA[org.junit.internal.ArrayComparisonFailure: arrays first differed at element [11]; expected:<36> but was:<37>
	at com.github.alexthesuperb.jopenboxscore.BoxscoreGameAccountTest.testGame(BoxscoreGameAccountTest.java:181)
]]></failure>
  </testcase>
  <testcase name="testGame[204: ATL201807130]" classname="com.github.alexthesuperb.jopenboxscore.BoxscoreGameAccountTest" time="0"/>
  <testcase name="testGame[205: ATL201807140]" classname="com.github.alexthesuperb.jopenboxscore.BoxscoreGameAccountTest" time="0"/>
  <testcase name="testGame[206: ATL201807150]" classname="com.github.alexthesuperb.jopenboxscore.BoxscoreGameAccountTest" time="0"/>
  <testcase name="testGame[207: ATL201807260]" classname="com.github.alexthesuperb.jopenboxscore.BoxscoreGameAccountTest" time="0"/>
  <testcase name="testGame[208: ATL201807270]" classname="com.github.alexthesuperb.jopenboxscore.BoxscoreGameAccountTest" time="0"/>
  <testcase name="testGame[209: ATL201807280]" classname="com.github.alexthesuperb.jopenboxscore.BoxscoreGameAccountTest" time="0"/>
  <testcase name="testGame[210: ATL201807290]" classname="com.github.alexthesuperb.jopenboxscore.BoxscoreGameAccountTest" time="0"/>
  <testcase name="testGame[211: ATL201807300]" classname="com.github.alexthesuperb.jopenboxscore.BoxscoreGameAccountTest" time="0"/>
  <testcase name="testGame[212: ATL201807310]" classname="com.github.alexthesuperb.jopenboxscore.BoxscoreGameAccountTest" time="0">
    <failure message="actual array was null" type="java.lang.AssertionError">java.lang.AssertionError: actual array was null
	at com.github.alexthesuperb.jopenboxscore.BoxscoreGameAccountTest.testGame(BoxscoreGameAccountTest.java:181)
</failure>
  </testcase>
  <testcase name="testGame[213: ATL201808100]" classname="com.github.alexthesuperb.jopenboxscore.BoxscoreGameAccountTest" time="0"/>
  <testcase name="testGame[214: ATL201808110]" classname="com.github.alexthesuperb.jopenboxscore.BoxscoreGameAccountTest" time="0"/>
  <testcase name="testGame[215: ATL201808120]" classname="com.github.alexthesuperb.jopenboxscore.BoxscoreGameAccountTest" time="0"/>
  <testcase name="testGame[216: ATL201808131]" classname="com.github.alexthesuperb.jopenboxscore.BoxscoreGameAccountTest" time="0"/>
  <testcase name="testGame[217: ATL201808132]" classname="com.github.alexthesuperb.jopenboxscore.BoxscoreGameAccountTest" time="0"/>
  <testcase name="testGame[218: ATL201808140]" classname="com.github.alexthesuperb.jopenboxscore.BoxscoreGameAccountTest" time="0.001">
    <failure message="actual array was null" type="java.lang.AssertionError">java.lang.AssertionError: actual array was null
	at com.github.alexthesuperb.jopenboxscore.BoxscoreGameAccountTest.testGame(BoxscoreGameAccountTest.java:181)
</failure>
  </testcase>
  <testcase name="testGame[219: ATL201808150]" classname="com.github.alexthesuperb.jopenboxscore.BoxscoreGameAccountTest" time="0"/>
  <testcase name="testGame[220: ATL201808160]" classname="com.github.alexthesuperb.jopenboxscore.BoxscoreGameAccountTest" time="0"/>
  <testcase name="testGame[221: ATL201808170]" classname="com.github.alexthesuperb.jopenboxscore.BoxscoreGameAccountTest" time="0"/>
  <testcase name="testGame[222: ATL201808180]" classname="com.github.alexthesuperb.jopenboxscore.BoxscoreGameAccountTest" time="0"/>
  <testcase name="testGame[223: ATL201808190]" classname="com.github.alexthesuperb.jopenboxscore.BoxscoreGameAccountTest" time="0"/>
  <testcase name="testGame[224: ATL201808280]" classname="com.github.alexthesuperb.jopenboxscore.BoxscoreGameAccountTest" time="0.001">
    <failure message="actual array was null" type="java.lang.AssertionError">java.lang.AssertionError: actual array was null
	at com.github.alexthesuperb.jopenboxscore.BoxscoreGameAccountTest.testGame(BoxscoreGameAccountTest.java:181)
</failure>
  </testcase>
  <testcase name="testGame[225: ATL201808290]" classname="com.github.alexthesuperb.jopenboxscore.BoxscoreGameAccountTest" time="0"/>
  <testcase name="testGame[226: ATL201808300]" classname="com.github.alexthesuperb.jopenboxscore.BoxscoreGameAccountTest" time="0"/>
  <testcase name="testGame[227: ATL201808310]" classname="com.github.alexthesuperb.jopenboxscore.BoxscoreGameAccountTest" time="0"/>
  <testcase name="testGame[228: ATL201809010]" classname="com.github.alexthesuperb.jopenboxscore.BoxscoreGameAccountTest" time="0.003"/>
  <testcase name="testGame[229: ATL201809020]" classname="com.github.alexthesuperb.jopenboxscore.BoxscoreGameAccountTest" time="0"/>
  <testcase name="testGame[230: ATL201809030]" classname="com.github.alexthesuperb.jopenboxscore.BoxscoreGameAccountTest" time="0"/>
  <testcase name="testGame[231: ATL201809040]" classname="com.github.alexthesuperb.jopenboxscore.BoxscoreGameAccountTest" time="0"/>
  <testcase name="testGame[232: ATL201809050]" classname="com.github.alexthesuperb.jopenboxscore.BoxscoreGameAccountTest" time="0"/>
  <testcase name="testGame[233: ATL201809140]" classname="com.github.alexthesuperb.jopenboxscore.BoxscoreGameAccountTest" time="0"/>
  <testcase name="testGame[234: ATL201809150]" classname="com.github.alexthesuperb.jopenboxscore.BoxscoreGameAccountTest" time="0"/>
  <testcase name="testGame[235: ATL201809160]" classname="com.github.alexthesuperb.jopenboxscore.BoxscoreGameAccountTest" time="0"/>
  <testcase name="testGame[236: ATL201809170]" classname="com.github.alexthesuperb.jopenboxscore.BoxscoreGameAccountTest" time="0.001"/>
  <testcase name="testGame[237: ATL201809180]" classname="com.github.alexthesuperb.jopenboxscore.BoxscoreGameAccountTest" time="0"/>
  <testcase name="testGame[238: ATL201809190]" classname="com.github.alexthesuperb.jopenboxscore.BoxscoreGameAccountTest" time="0"/>
  <testcase name="testGame[239: ATL201809200]" classname="com.github.alexthesuperb.jopenboxscore.BoxscoreGameAccountTest" time="0"/>
  <testcase name="testGame[240: ATL201809210]" classname="com.github.alexthesuperb.jopenboxscore.BoxscoreGameAccountTest" time="0"/>
  <testcase name="testGame[241: ATL201809220]" classname="com.github.alexthesuperb.jopenboxscore.BoxscoreGameAccountTest" time="0.006"/>
  <testcase name="testGame[242: ATL201809230]" classname="com.github.alexthesuperb.jopenboxscore.BoxscoreGameAccountTest" time="0"/>
  <testcase name="testGame[243: BAL201803290]" classname="com.github.alexthesuperb.jopenboxscore.BoxscoreGameAccountTest" time="0"/>
  <testcase name="testGame[244: BAL201803310]" classname="com.github.alexthesuperb.jopenboxscore.BoxscoreGameAccountTest" time="0.001">
    <failure message="arrays first differed at element [10]; expected:&lt;1&gt; but was:&lt;2&gt;" type="org.junit.internal.ArrayComparisonFailure"><![CDATA[org.junit.internal.ArrayComparisonFailure: arrays first differed at element [10]; expected:<1> but was:<2>
	at com.github.alexthesuperb.jopenboxscore.BoxscoreGameAccountTest.testGame(BoxscoreGameAccountTest.java:181)
]]></failure>
  </testcase>
  <testcase name="testGame[245: BAL201804010]" classname="com.github.alexthesuperb.jopenboxscore.BoxscoreGameAccountTest" time="0"/>
  <testcase name="testGame[246: BAL201804090]" classname="com.github.alexthesuperb.jopenboxscore.BoxscoreGameAccountTest" time="0"/>
  <testcase name="testGame[247: BAL201804100]" classname="com.github.alexthesuperb.jopenboxscore.BoxscoreGameAccountTest" time="0"/>
  <testcase name="testGame[248: BAL201804110]" classname="com.github.alexthesuperb.jopenboxscore.BoxscoreGameAccountTest" time="0.001"/>
  <testcase name="testGame[249: BAL201804200]" classname="com.github.alexthesuperb.jopenboxscore.BoxscoreGameAccountTest" time="0"/>
  <testcase name="testGame[250: BAL201804210]" classname="com.github.alexthesuperb.jopenboxscore.BoxscoreGameAccountTest" time="0"/>
  <testcase name="testGame[251: BAL201804220]" classname="com.github.alexthesuperb.jopenboxscore.BoxscoreGameAccountTest" time="0"/>
  <testcase name="testGame[252: BAL201804230]" classname="com.github.alexthesuperb.jopenboxscore.BoxscoreGameAccountTest" time="0.002"/>
  <testcase name="testGame[253: BAL201804250]" classname="com.github.alexthesuperb.jopenboxscore.BoxscoreGameAccountTest" time="0.006"/>
  <testcase name="testGame[254: BAL201804260]" classname="com.github.alexthesuperb.jopenboxscore.BoxscoreGameAccountTest" time="0"/>
  <testcase name="testGame[255: BAL201804270]" classname="com.github.alexthesuperb.jopenboxscore.BoxscoreGameAccountTest" time="0"/>
  <testcase name="testGame[256: BAL201804280]" classname="com.github.alexthesuperb.jopenboxscore.BoxscoreGameAccountTest" time="0"/>
  <testcase name="testGame[257: BAL201804290]" classname="com.github.alexthesuperb.jopenboxscore.BoxscoreGameAccountTest" time="0.002">
    <failure message="arrays first differed at element [6]; expected:&lt;1&gt; but was:&lt;2&gt;" type="org.junit.internal.ArrayComparisonFailure"><![CDATA[org.junit.internal.ArrayComparisonFailure: arrays first differed at element [6]; expected:<1> but was:<2>
	at com.github.alexthesuperb.jopenboxscore.BoxscoreGameAccountTest.testGame(BoxscoreGameAccountTest.java:181)
]]></failure>
  </testcase>
  <testcase name="testGame[258: BAL201805080]" classname="com.github.alexthesuperb.jopenboxscore.BoxscoreGameAccountTest" time="0"/>
  <testcase name="testGame[259: BAL201805090]" classname="com.github.alexthesuperb.jopenboxscore.BoxscoreGameAccountTest" time="0"/>
  <testcase name="testGame[260: BAL201805100]" classname="com.github.alexthesuperb.jopenboxscore.BoxscoreGameAccountTest" time="0.001"/>
  <testcase name="testGame[261: BAL201805110]" classname="com.github.alexthesuperb.jopenboxscore.BoxscoreGameAccountTest" time="0"/>
  <testcase name="testGame[262: BAL201805121]" classname="com.github.alexthesuperb.jopenboxscore.BoxscoreGameAccountTest" time="0"/>
  <testcase name="testGame[263: BAL201805122]" classname="com.github.alexthesuperb.jopenboxscore.BoxscoreGameAccountTest" time="0"/>
  <testcase name="testGame[264: BAL201805130]" classname="com.github.alexthesuperb.jopenboxscore.BoxscoreGameAccountTest" time="0"/>
  <testcase name="testGame[265: BAL201805160]" classname="com.github.alexthesuperb.jopenboxscore.BoxscoreGameAccountTest" time="0"/>
  <testcase name="testGame[266: BAL201805280]" classname="com.github.alexthesuperb.jopenboxscore.BoxscoreGameAccountTest" time="0"/>
  <testcase name="testGame[267: BAL201805290]" classname="com.github.alexthesuperb.jopenboxscore.BoxscoreGameAccountTest" time="0"/>
  <testcase name="testGame[268: BAL201805300]" classname="com.github.alexthesuperb.jopenboxscore.BoxscoreGameAccountTest" time="0.001"/>
  <testcase name="testGame[269: BAL201806010]" classname="com.github.alexthesuperb.jopenboxscore.BoxscoreGameAccountTest" time="0"/>
  <testcase name="testGame[270: BAL201806020]" classname="com.github.alexthesuperb.jopenboxscore.BoxscoreGameAccountTest" time="0"/>
  <testcase name="testGame[271: BAL201806110]" classname="com.github.alexthesuperb.jopenboxscore.BoxscoreGameAccountTest" time="0"/>
  <testcase name="testGame[272: BAL201806120]" classname="com.github.alexthesuperb.jopenboxscore.BoxscoreGameAccountTest" time="0"/>
  <testcase name="testGame[273: BAL201806130]" classname="com.github.alexthesuperb.jopenboxscore.BoxscoreGameAccountTest" time="0"/>
  <testcase name="testGame[274: BAL201806150]" classname="com.github.alexthesuperb.jopenboxscore.BoxscoreGameAccountTest" time="0"/>
  <testcase name="testGame[275: BAL201806160]" classname="com.github.alexthesuperb.jopenboxscore.BoxscoreGameAccountTest" time="0.001"/>
  <testcase name="testGame[276: BAL201806170]" classname="com.github.alexthesuperb.jopenboxscore.BoxscoreGameAccountTest" time="0"/>
  <testcase name="testGame[277: BAL201806250]" classname="com.github.alexthesuperb.jopenboxscore.BoxscoreGameAccountTest" time="0"/>
  <testcase name="testGame[278: BAL201806260]" classname="com.github.alexthesuperb.jopenboxscore.BoxscoreGameAccountTest" time="0"/>
  <testcase name="testGame[279: BAL201806270]" classname="com.github.alexthesuperb.jopenboxscore.BoxscoreGameAccountTest" time="0"/>
  <testcase name="testGame[280: BAL201806280]" classname="com.github.alexthesuperb.jopenboxscore.BoxscoreGameAccountTest" time="0"/>
  <testcase name="testGame[281: BAL201806290]" classname="com.github.alexthesuperb.jopenboxscore.BoxscoreGameAccountTest" time="0.002"/>
  <testcase name="testGame[282: BAL201806300]" classname="com.github.alexthesuperb.jopenboxscore.BoxscoreGameAccountTest" time="0"/>
  <testcase name="testGame[283: BAL201807010]" classname="com.github.alexthesuperb.jopenboxscore.BoxscoreGameAccountTest" time="0"/>
  <testcase name="testGame[284: BAL201807091]" classname="com.github.alexthesuperb.jopenboxscore.BoxscoreGameAccountTest" time="0"/>
  <testcase name="testGame[285: BAL201807092]" classname="com.github.alexthesuperb.jopenboxscore.BoxscoreGameAccountTest" time="0"/>
  <testcase name="testGame[286: BAL201807100]" classname="com.github.alexthesuperb.jopenboxscore.BoxscoreGameAccountTest" time="0"/>
  <testcase name="testGame[287: BAL201807110]" classname="com.github.alexthesuperb.jopenboxscore.BoxscoreGameAccountTest" time="0"/>
  <testcase name="testGame[288: BAL201807120]" classname="com.github.alexthesuperb.jopenboxscore.BoxscoreGameAccountTest" time="0"/>
  <testcase name="testGame[289: BAL201807130]" classname="com.github.alexthesuperb.jopenboxscore.BoxscoreGameAccountTest" time="0"/>
  <testcase name="testGame[290: BAL201807140]" classname="com.github.alexthesuperb.jopenboxscore.BoxscoreGameAccountTest" time="0.001"/>
  <testcase name="testGame[291: BAL201807150]" classname="com.github.alexthesuperb.jopenboxscore.BoxscoreGameAccountTest" time="0"/>
  <testcase name="testGame[292: BAL201807230]" classname="com.github.alexthesuperb.jopenboxscore.BoxscoreGameAccountTest" time="0"/>
  <testcase name="testGame[293: BAL201807240]" classname="com.github.alexthesuperb.jopenboxscore.BoxscoreGameAccountTest" time="0.001"/>
  <testcase name="testGame[294: BAL201807260]" classname="com.github.alexthesuperb.jopenboxscore.BoxscoreGameAccountTest" time="0"/>
  <testcase name="testGame[295: BAL201807270]" classname="com.github.alexthesuperb.jopenboxscore.BoxscoreGameAccountTest" time="0"/>
  <testcase name="testGame[296: BAL201807280]" classname="com.github.alexthesuperb.jopenboxscore.BoxscoreGameAccountTest" time="0"/>
  <testcase name="testGame[297: BAL201807290]" classname="com.github.alexthesuperb.jopenboxscore.BoxscoreGameAccountTest" time="0"/>
  <testcase name="testGame[298: BAL201808100]" classname="com.github.alexthesuperb.jopenboxscore.BoxscoreGameAccountTest" time="0"/>
  <testcase name="testGame[299: BAL201808111]" classname="com.github.alexthesuperb.jopenboxscore.BoxscoreGameAccountTest" time="0"/>
  <testcase name="testGame[300: BAL201808112]" classname="com.github.alexthesuperb.jopenboxscore.BoxscoreGameAccountTest" time="0"/>
  <testcase name="testGame[301: BAL201808120]" classname="com.github.alexthesuperb.jopenboxscore.BoxscoreGameAccountTest" time="0"/>
  <testcase name="testGame[302: BAL201808140]" classname="com.github.alexthesuperb.jopenboxscore.BoxscoreGameAccountTest" time="0"/>
  <testcase name="testGame[303: BAL201808150]" classname="com.github.alexthesuperb.jopenboxscore.BoxscoreGameAccountTest" time="0"/>
  <testcase name="testGame[304: BAL201808240]" classname="com.github.alexthesuperb.jopenboxscore.BoxscoreGameAccountTest" time="0"/>
  <testcase name="testGame[305: BAL201808251]" classname="com.github.alexthesuperb.jopenboxscore.BoxscoreGameAccountTest" time="0"/>
  <testcase name="testGame[306: BAL201808252]" classname="com.github.alexthesuperb.jopenboxscore.BoxscoreGameAccountTest" time="0"/>
  <testcase name="testGame[307: BAL201808260]" classname="com.github.alexthesuperb.jopenboxscore.BoxscoreGameAccountTest" time="0"/>
  <testcase name="testGame[308: BAL201808270]" classname="com.github.alexthesuperb.jopenboxscore.BoxscoreGameAccountTest" time="0"/>
  <testcase name="testGame[309: BAL201808280]" classname="com.github.alexthesuperb.jopenboxscore.BoxscoreGameAccountTest" time="0"/>
  <testcase name="testGame[310: BAL201808290]" classname="com.github.alexthesuperb.jopenboxscore.BoxscoreGameAccountTest" time="0"/>
  <testcase name="testGame[311: BAL201809110]" classname="com.github.alexthesuperb.jopenboxscore.BoxscoreGameAccountTest" time="0"/>
  <testcase name="testGame[312: BAL201809120]" classname="com.github.alexthesuperb.jopenboxscore.BoxscoreGameAccountTest" time="0.001"/>
  <testcase name="testGame[313: BAL201809130]" classname="com.github.alexthesuperb.jopenboxscore.BoxscoreGameAccountTest" time="0"/>
  <testcase name="testGame[314: BAL201809140]" classname="com.github.alexthesuperb.jopenboxscore.BoxscoreGameAccountTest" time="0"/>
  <testcase name="testGame[315: BAL201809150]" classname="com.github.alexthesuperb.jopenboxscore.BoxscoreGameAccountTest" time="0"/>
  <testcase name="testGame[316: BAL201809160]" classname="com.github.alexthesuperb.jopenboxscore.BoxscoreGameAccountTest" time="0"/>
  <testcase name="testGame[317: BAL201809170]" classname="com.github.alexthesuperb.jopenboxscore.BoxscoreGameAccountTest" time="0"/>
  <testcase name="testGame[318: BAL201809180]" classname="com.github.alexthesuperb.jopenboxscore.BoxscoreGameAccountTest" time="0"/>
  <testcase name="testGame[319: BAL201809190]" classname="com.github.alexthesuperb.jopenboxscore.BoxscoreGameAccountTest" time="0"/>
  <testcase name="testGame[320: BAL201809280]" classname="com.github.alexthesuperb.jopenboxscore.BoxscoreGameAccountTest" time="0.002"/>
  <testcase name="testGame[321: BAL201809291]" classname="com.github.alexthesuperb.jopenboxscore.BoxscoreGameAccountTest" time="0"/>
  <testcase name="testGame[322: BAL201809292]" classname="com.github.alexthesuperb.jopenboxscore.BoxscoreGameAccountTest" time="0"/>
  <testcase name="testGame[323: BAL201809300]" classname="com.github.alexthesuperb.jopenboxscore.BoxscoreGameAccountTest" time="0"/>
  <testcase name="testGame[324: BOS201804050]" classname="com.github.alexthesuperb.jopenboxscore.BoxscoreGameAccountTest" time="0"/>
  <testcase name="testGame[325: BOS201804070]" classname="com.github.alexthesuperb.jopenboxscore.BoxscoreGameAccountTest" time="0"/>
  <testcase name="testGame[326: BOS201804080]" classname="com.github.alexthesuperb.jopenboxscore.BoxscoreGameAccountTest" time="0"/>
  <testcase name="testGame[327: BOS201804100]" classname="com.github.alexthesuperb.jopenboxscore.BoxscoreGameAccountTest" time="0"/>
  <testcase name="testGame[328: BOS201804110]" classname="com.github.alexthesuperb.jopenboxscore.BoxscoreGameAccountTest" time="0"/>
  <testcase name="testGame[329: BOS201804120]" classname="com.github.alexthesuperb.jopenboxscore.BoxscoreGameAccountTest" time="0"/>
  <testcase name="testGame[330: BOS201804130]" classname="com.github.alexthesuperb.jopenboxscore.BoxscoreGameAccountTest" time="0"/>
  <testcase name="testGame[331: BOS201804140]" classname="com.github.alexthesuperb.jopenboxscore.BoxscoreGameAccountTest" time="0"/>
  <testcase name="testGame[332: BOS201804150]" classname="com.github.alexthesuperb.jopenboxscore.BoxscoreGameAccountTest" time="0"/>
  <testcase name="testGame[333: BOS201804270]" classname="com.github.alexthesuperb.jopenboxscore.BoxscoreGameAccountTest" time="0"/>
  <testcase name="testGame[334: BOS201804280]" classname="com.github.alexthesuperb.jopenboxscore.BoxscoreGameAccountTest" time="0"/>
  <testcase name="testGame[335: BOS201804290]" classname="com.github.alexthesuperb.jopenboxscore.BoxscoreGameAccountTest" time="0.001"/>
  <testcase name="testGame[336: BOS201804300]" classname="com.github.alexthesuperb.jopenboxscore.BoxscoreGameAccountTest" time="0"/>
  <testcase name="testGame[337: BOS201805010]" classname="com.github.alexthesuperb.jopenboxscore.BoxscoreGameAccountTest" time="0"/>
  <testcase name="testGame[338: BOS201805020]" classname="com.github.alexthesuperb.jopenboxscore.BoxscoreGameAccountTest" time="0"/>
  <testcase name="testGame[339: BOS201805140]" classname="com.github.alexthesuperb.jopenboxscore.BoxscoreGameAccountTest" time="0"/>
  <testcase name="testGame[340: BOS201805150]" classname="com.github.alexthesuperb.jopenboxscore.BoxscoreGameAccountTest" time="0"/>
  <testcase name="testGame[341: BOS201805160]" classname="com.github.alexthesuperb.jopenboxscore.BoxscoreGameAccountTest" time="0"/>
  <testcase name="testGame[342: BOS201805170]" classname="com.github.alexthesuperb.jopenboxscore.BoxscoreGameAccountTest" time="0"/>
  <testcase name="testGame[343: BOS201805180]" classname="com.github.alexthesuperb.jopenboxscore.BoxscoreGameAccountTest" time="0"/>
  <testcase name="testGame[344: BOS201805190]" classname="com.github.alexthesuperb.jopenboxscore.BoxscoreGameAccountTest" time="0"/>
  <testcase name="testGame[345: BOS201805200]" classname="com.github.alexthesuperb.jopenboxscore.BoxscoreGameAccountTest" time="0"/>
  <testcase name="testGame[346: BOS201805250]" classname="com.github.alexthesuperb.jopenboxscore.BoxscoreGameAccountTest" time="0"/>
  <testcase name="testGame[347: BOS201805260]" classname="com.github.alexthesuperb.jopenboxscore.BoxscoreGameAccountTest" time="0"/>
  <testcase name="testGame[348: BOS201805270]" classname="com.github.alexthesuperb.jopenboxscore.BoxscoreGameAccountTest" time="0"/>
  <testcase name="testGame[349: BOS201805280]" classname="com.github.alexthesuperb.jopenboxscore.BoxscoreGameAccountTest" time="0"/>
  <testcase name="testGame[350: BOS201805290]" classname="com.github.alexthesuperb.jopenboxscore.BoxscoreGameAccountTest" time="0"/>
  <testcase name="testGame[351: BOS201805300]" classname="com.github.alexthesuperb.jopenboxscore.BoxscoreGameAccountTest" time="0"/>
  <testcase name="testGame[352: BOS201806050]" classname="com.github.alexthesuperb.jopenboxscore.BoxscoreGameAccountTest" time="0"/>
  <testcase name="testGame[353: BOS201806060]" classname="com.github.alexthesuperb.jopenboxscore.BoxscoreGameAccountTest" time="0"/>
  <testcase name="testGame[354: BOS201806070]" classname="com.github.alexthesuperb.jopenboxscore.BoxscoreGameAccountTest" time="0"/>
  <testcase name="testGame[355: BOS201806080]" classname="com.github.alexthesuperb.jopenboxscore.BoxscoreGameAccountTest" time="0"/>
  <testcase name="testGame[356: BOS201806090]" classname="com.github.alexthesuperb.jopenboxscore.BoxscoreGameAccountTest" time="0"/>
  <testcase name="testGame[357: BOS201806100]" classname="com.github.alexthesuperb.jopenboxscore.BoxscoreGameAccountTest" time="0"/>
  <testcase name="testGame[358: BOS201806220]" classname="com.github.alexthesuperb.jopenboxscore.BoxscoreGameAccountTest" time="0.001">
    <failure message="actual array was null" type="java.lang.AssertionError">java.lang.AssertionError: actual array was null
	at com.github.alexthesuperb.jopenboxscore.BoxscoreGameAccountTest.testGame(BoxscoreGameAccountTest.java:181)
</failure>
  </testcase>
  <testcase name="testGame[359: BOS201806230]" classname="com.github.alexthesuperb.jopenboxscore.BoxscoreGameAccountTest" time="0"/>
  <testcase name="testGame[360: BOS201806240]" classname="com.github.alexthesuperb.jopenboxscore.BoxscoreGameAccountTest" time="0"/>
  <testcase name="testGame[361: BOS201806260]" classname="com.github.alexthesuperb.jopenboxscore.BoxscoreGameAccountTest" time="0.001"/>
  <testcase name="testGame[362: BOS201806270]" classname="com.github.alexthesuperb.jopenboxscore.BoxscoreGameAccountTest" time="0"/>
  <testcase name="testGame[363: BOS201806280]" classname="com.github.alexthesuperb.jopenboxscore.BoxscoreGameAccountTest" time="0"/>
  <testcase name="testGame[364: BOS201807090]" classname="com.github.alexthesuperb.jopenboxscore.BoxscoreGameAccountTest" time="0"/>
  <testcase name="testGame[365: BOS201807100]" classname="com.github.alexthesuperb.jopenboxscore.BoxscoreGameAccountTest" time="0"/>
  <testcase name="testGame[366: BOS201807110]" classname="com.github.alexthesuperb.jopenboxscore.BoxscoreGameAccountTest" time="0"/>
  <testcase name="testGame[367: BOS201807120]" classname="com.github.alexthesuperb.jopenboxscore.BoxscoreGameAccountTest" time="0"/>
  <testcase name="testGame[368: BOS201807130]" classname="com.github.alexthesuperb.jopenboxscore.BoxscoreGameAccountTest" time="0"/>
  <testcase name="testGame[369: BOS201807140]" classname="com.github.alexthesuperb.jopenboxscore.BoxscoreGameAccountTest" time="0"/>
  <testcase name="testGame[370: BOS201807150]" classname="com.github.alexthesuperb.jopenboxscore.BoxscoreGameAccountTest" time="0"/>
  <testcase name="testGame[371: BOS201807260]" classname="com.github.alexthesuperb.jopenboxscore.BoxscoreGameAccountTest" time="0"/>
  <testcase name="testGame[372: BOS201807270]" classname="com.github.alexthesuperb.jopenboxscore.BoxscoreGameAccountTest" time="0"/>
  <testcase name="testGame[373: BOS201807280]" classname="com.github.alexthesuperb.jopenboxscore.BoxscoreGameAccountTest" time="0"/>
  <testcase name="testGame[374: BOS201807290]" classname="com.github.alexthesuperb.jopenboxscore.BoxscoreGameAccountTest" time="0"/>
  <testcase name="testGame[375: BOS201807300]" classname="com.github.alexthesuperb.jopenboxscore.BoxscoreGameAccountTest" time="0"/>
  <testcase name="testGame[376: BOS201807310]" classname="com.github.alexthesuperb.jopenboxscore.BoxscoreGameAccountTest" time="0"/>
  <testcase name="testGame[377: BOS201808020]" classname="com.github.alexthesuperb.jopenboxscore.BoxscoreGameAccountTest" time="0"/>
  <testcase name="testGame[378: BOS201808030]" classname="com.github.alexthesuperb.jopenboxscore.BoxscoreGameAccountTest" time="0"/>
  <testcase name="testGame[379: BOS201808040]" classname="com.github.alexthesuperb.jopenboxscore.BoxscoreGameAccountTest" time="0"/>
  <testcase name="testGame[380: BOS201808050]" classname="com.github.alexthesuperb.jopenboxscore.BoxscoreGameAccountTest" time="0"/>
  <testcase name="testGame[381: BOS201808170]" classname="com.github.alexthesuperb.jopenboxscore.BoxscoreGameAccountTest" time="0"/>
  <testcase name="testGame[382: BOS201808180]" classname="com.github.alexthesuperb.jopenboxscore.BoxscoreGameAccountTest" time="0"/>
  <testcase name="testGame[383: BOS201808190]" classname="com.github.alexthesuperb.jopenboxscore.BoxscoreGameAccountTest" time="0"/>
  <testcase name="testGame[384: BOS201808200]" classname="com.github.alexthesuperb.jopenboxscore.BoxscoreGameAccountTest" time="0"/>
  <testcase name="testGame[385: BOS201808210]" classname="com.github.alexthesuperb.jopenboxscore.BoxscoreGameAccountTest" time="0"/>
  <testcase name="testGame[386: BOS201808220]" classname="com.github.alexthesuperb.jopenboxscore.BoxscoreGameAccountTest" time="0"/>
  <testcase name="testGame[387: BOS201808230]" classname="com.github.alexthesuperb.jopenboxscore.BoxscoreGameAccountTest" time="0"/>
  <testcase name="testGame[388: BOS201808280]" classname="com.github.alexthesuperb.jopenboxscore.BoxscoreGameAccountTest" time="0"/>
  <testcase name="testGame[389: BOS201808290]" classname="com.github.alexthesuperb.jopenboxscore.BoxscoreGameAccountTest" time="0"/>
  <testcase name="testGame[390: BOS201809070]" classname="com.github.alexthesuperb.jopenboxscore.BoxscoreGameAccountTest" time="0"/>
  <testcase name="testGame[391: BOS201809080]" classname="com.github.alexthesuperb.jopenboxscore.BoxscoreGameAccountTest" time="0"/>
  <testcase name="testGame[392: BOS201809090]" classname="com.github.alexthesuperb.jopenboxscore.BoxscoreGameAccountTest" time="0"/>
  <testcase name="testGame[393: BOS201809110]" classname="com.github.alexthesuperb.jopenboxscore.BoxscoreGameAccountTest" time="0"/>
  <testcase name="testGame[394: BOS201809120]" classname="com.github.alexthesuperb.jopenboxscore.BoxscoreGameAccountTest" time="0"/>
  <testcase name="testGame[395: BOS201809130]" classname="com.github.alexthesuperb.jopenboxscore.BoxscoreGameAccountTest" time="0"/>
  <testcase name="testGame[396: BOS201809140]" classname="com.github.alexthesuperb.jopenboxscore.BoxscoreGameAccountTest" time="0.001"/>
  <testcase name="testGame[397: BOS201809150]" classname="com.github.alexthesuperb.jopenboxscore.BoxscoreGameAccountTest" time="0"/>
  <testcase name="testGame[398: BOS201809160]" classname="com.github.alexthesuperb.jopenboxscore.BoxscoreGameAccountTest" time="0"/>
  <testcase name="testGame[399: BOS201809240]" classname="com.github.alexthesuperb.jopenboxscore.BoxscoreGameAccountTest" time="0"/>
  <testcase name="testGame[400: BOS201809261]" classname="com.github.alexthesuperb.jopenboxscore.BoxscoreGameAccountTest" time="0.001"/>
  <testcase name="testGame[401: BOS201809262]" classname="com.github.alexthesuperb.jopenboxscore.BoxscoreGameAccountTest" time="0"/>
  <testcase name="testGame[402: BOS201809280]" classname="com.github.alexthesuperb.jopenboxscore.BoxscoreGameAccountTest" time="0"/>
  <testcase name="testGame[403: BOS201809290]" classname="com.github.alexthesuperb.jopenboxscore.BoxscoreGameAccountTest" time="0"/>
  <testcase name="testGame[404: BOS201809300]" classname="com.github.alexthesuperb.jopenboxscore.BoxscoreGameAccountTest" time="0"/>
  <testcase name="testGame[405: CHA201804050]" classname="com.github.alexthesuperb.jopenboxscore.BoxscoreGameAccountTest" time="0.001"/>
  <testcase name="testGame[406: CHA201804070]" classname="com.github.alexthesuperb.jopenboxscore.BoxscoreGameAccountTest" time="0"/>
  <testcase name="testGame[407: CHA201804080]" classname="com.github.alexthesuperb.jopenboxscore.BoxscoreGameAccountTest" time="0"/>
  <testcase name="testGame[408: CHA201804090]" classname="com.github.alexthesuperb.jopenboxscore.BoxscoreGameAccountTest" time="0"/>
  <testcase name="testGame[409: CHA201804100]" classname="com.github.alexthesuperb.jopenboxscore.BoxscoreGameAccountTest" time="0"/>
  <testcase name="testGame[410: CHA201804110]" classname="com.github.alexthesuperb.jopenboxscore.BoxscoreGameAccountTest" time="0"/>
  <testcase name="testGame[411: CHA201804200]" classname="com.github.alexthesuperb.jopenboxscore.BoxscoreGameAccountTest" time="0"/>
  <testcase name="testGame[412: CHA201804210]" classname="com.github.alexthesuperb.jopenboxscore.BoxscoreGameAccountTest" time="0"/>
  <testcase name="testGame[413: CHA201804220]" classname="com.github.alexthesuperb.jopenboxscore.BoxscoreGameAccountTest" time="0"/>
  <testcase name="testGame[414: CHA201804230]" classname="com.github.alexthesuperb.jopenboxscore.BoxscoreGameAccountTest" time="0"/>
  <testcase name="testGame[415: CHA201804240]" classname="com.github.alexthesuperb.jopenboxscore.BoxscoreGameAccountTest" time="0"/>
  <testcase name="testGame[416: CHA201804250]" classname="com.github.alexthesuperb.jopenboxscore.BoxscoreGameAccountTest" time="0"/>
  <testcase name="testGame[417: CHA201805030]" classname="com.github.alexthesuperb.jopenboxscore.BoxscoreGameAccountTest" time="0"/>
  <testcase name="testGame[418: CHA201805040]" classname="com.github.alexthesuperb.jopenboxscore.BoxscoreGameAccountTest" time="0"/>
  <testcase name="testGame[419: CHA201805050]" classname="com.github.alexthesuperb.jopenboxscore.BoxscoreGameAccountTest" time="0"/>
  <testcase name="testGame[420: CHA201805060]" classname="com.github.alexthesuperb.jopenboxscore.BoxscoreGameAccountTest" time="0.003"/>
  <testcase name="testGame[421: CHA201805080]" classname="com.github.alexthesuperb.jopenboxscore.BoxscoreGameAccountTest" time="0"/>
  <testcase name="testGame[422: CHA201805090]" classname="com.github.alexthesuperb.jopenboxscore.BoxscoreGameAccountTest" time="0"/>
  <testcase name="testGame[423: CHA201805170]" classname="com.github.alexthesuperb.jopenboxscore.BoxscoreGameAccountTest" time="0"/>
  <testcase name="testGame[424: CHA201805180]" classname="com.github.alexthesuperb.jopenboxscore.BoxscoreGameAccountTest" time="0"/>
  <testcase name="testGame[425: CHA201805190]" classname="com.github.alexthesuperb.jopenboxscore.BoxscoreGameAccountTest" time="0"/>
  <testcase name="testGame[426: CHA201805200]" classname="com.github.alexthesuperb.jopenboxscore.BoxscoreGameAccountTest" time="0"/>
  <testcase name="testGame[427: CHA201805210]" classname="com.github.alexthesuperb.jopenboxscore.BoxscoreGameAccountTest" time="0"/>
  <testcase name="testGame[428: CHA201805220]" classname="com.github.alexthesuperb.jopenboxscore.BoxscoreGameAccountTest" time="0"/>
  <testcase name="testGame[429: CHA201805230]" classname="com.github.alexthesuperb.jopenboxscore.BoxscoreGameAccountTest" time="0">
    <failure message="actual array was null" type="java.lang.AssertionError">java.lang.AssertionError: actual array was null
	at com.github.alexthesuperb.jopenboxscore.BoxscoreGameAccountTest.testGame(BoxscoreGameAccountTest.java:181)
</failure>
  </testcase>
  <testcase name="testGame[430: CHA201805240]" classname="com.github.alexthesuperb.jopenboxscore.BoxscoreGameAccountTest" time="0"/>
  <testcase name="testGame[431: CHA201806010]" classname="com.github.alexthesuperb.jopenboxscore.BoxscoreGameAccountTest" time="0"/>
  <testcase name="testGame[432: CHA201806020]" classname="com.github.alexthesuperb.jopenboxscore.BoxscoreGameAccountTest" time="0"/>
  <testcase name="testGame[433: CHA201806030]" classname="com.github.alexthesuperb.jopenboxscore.BoxscoreGameAccountTest" time="0"/>
  <testcase name="testGame[434: CHA201806110]" classname="com.github.alexthesuperb.jopenboxscore.BoxscoreGameAccountTest" time="0"/>
  <testcase name="testGame[435: CHA201806120]" classname="com.github.alexthesuperb.jopenboxscore.BoxscoreGameAccountTest" time="0"/>
  <testcase name="testGame[436: CHA201806130]" classname="com.github.alexthesuperb.jopenboxscore.BoxscoreGameAccountTest" time="0"/>
  <testcase name="testGame[437: CHA201806140]" classname="com.github.alexthesuperb.jopenboxscore.BoxscoreGameAccountTest" time="0.003"/>
  <testcase name="testGame[438: CHA201806150]" classname="com.github.alexthesuperb.jopenboxscore.BoxscoreGameAccountTest" time="0"/>
  <testcase name="testGame[439: CHA201806160]" classname="com.github.alexthesuperb.jopenboxscore.BoxscoreGameAccountTest" time="0.001">
    <failure message="actual array was null" type="java.lang.AssertionError">java.lang.AssertionError: actual array was null
	at com.github.alexthesuperb.jopenboxscore.BoxscoreGameAccountTest.testGame(BoxscoreGameAccountTest.java:181)
</failure>
  </testcase>
  <testcase name="testGame[440: CHA201806170]" classname="com.github.alexthesuperb.jopenboxscore.BoxscoreGameAccountTest" time="0"/>
  <testcase name="testGame[441: CHA201806221]" classname="com.github.alexthesuperb.jopenboxscore.BoxscoreGameAccountTest" time="0"/>
  <testcase name="testGame[442: CHA201806222]" classname="com.github.alexthesuperb.jopenboxscore.BoxscoreGameAccountTest" time="0"/>
  <testcase name="testGame[443: CHA201806230]" classname="com.github.alexthesuperb.jopenboxscore.BoxscoreGameAccountTest" time="0"/>
  <testcase name="testGame[444: CHA201806240]" classname="com.github.alexthesuperb.jopenboxscore.BoxscoreGameAccountTest" time="0"/>
  <testcase name="testGame[445: CHA201806260]" classname="com.github.alexthesuperb.jopenboxscore.BoxscoreGameAccountTest" time="0"/>
  <testcase name="testGame[446: CHA201806270]" classname="com.github.alexthesuperb.jopenboxscore.BoxscoreGameAccountTest" time="0"/>
  <testcase name="testGame[447: CHA201806280]" classname="com.github.alexthesuperb.jopenboxscore.BoxscoreGameAccountTest" time="0"/>
  <testcase name="testGame[448: CHA201807100]" classname="com.github.alexthesuperb.jopenboxscore.BoxscoreGameAccountTest" time="0"/>
  <testcase name="testGame[449: CHA201807110]" classname="com.github.alexthesuperb.jopenboxscore.BoxscoreGameAccountTest" time="0"/>
  <testcase name="testGame[450: CHA201807130]" classname="com.github.alexthesuperb.jopenboxscore.BoxscoreGameAccountTest" time="0"/>
  <testcase name="testGame[451: CHA201807140]" classname="com.github.alexthesuperb.jopenboxscore.BoxscoreGameAccountTest" time="0.002"/>
  <testcase name="testGame[452: CHA201807150]" classname="com.github.alexthesuperb.jopenboxscore.BoxscoreGameAccountTest" time="0"/>
  <testcase name="testGame[453: CHA201807270]" classname="com.github.alexthesuperb.jopenboxscore.BoxscoreGameAccountTest" time="0"/>
  <testcase name="testGame[454: CHA201807280]" classname="com.github.alexthesuperb.jopenboxscore.BoxscoreGameAccountTest" time="0"/>
  <testcase name="testGame[455: CHA201807290]" classname="com.github.alexthesuperb.jopenboxscore.BoxscoreGameAccountTest" time="0"/>
  <testcase name="testGame[456: CHA201807310]" classname="com.github.alexthesuperb.jopenboxscore.BoxscoreGameAccountTest" time="0"/>
  <testcase name="testGame[457: CHA201808010]" classname="com.github.alexthesuperb.jopenboxscore.BoxscoreGameAccountTest" time="0.002">
    <failure message="actual array was null" type="java.lang.AssertionError">java.lang.AssertionError: actual array was null
	at com.github.alexthesuperb.jopenboxscore.BoxscoreGameAccountTest.testGame(BoxscoreGameAccountTest.java:181)
</failure>
  </testcase>
  <testcase name="testGame[458: CHA201808020]" classname="com.github.alexthesuperb.jopenboxscore.BoxscoreGameAccountTest" time="0"/>
  <testcase name="testGame[459: CHA201808060]" classname="com.github.alexthesuperb.jopenboxscore.BoxscoreGameAccountTest" time="0"/>
  <testcase name="testGame[460: CHA201808070]" classname="com.github.alexthesuperb.jopenboxscore.BoxscoreGameAccountTest" time="0"/>
  <testcase name="testGame[461: CHA201808080]" classname="com.github.alexthesuperb.jopenboxscore.BoxscoreGameAccountTest" time="0"/>
  <testcase name="testGame[462: CHA201808100]" classname="com.github.alexthesuperb.jopenboxscore.BoxscoreGameAccountTest" time="0"/>
  <testcase name="testGame[463: CHA201808110]" classname="com.github.alexthesuperb.jopenboxscore.BoxscoreGameAccountTest" time="0"/>
  <testcase name="testGame[464: CHA201808120]" classname="com.github.alexthesuperb.jopenboxscore.BoxscoreGameAccountTest" time="0"/>
  <testcase name="testGame[465: CHA201808170]" classname="com.github.alexthesuperb.jopenboxscore.BoxscoreGameAccountTest" time="0"/>
  <testcase name="testGame[466: CHA201808180]" classname="com.github.alexthesuperb.jopenboxscore.BoxscoreGameAccountTest" time="0"/>
  <testcase name="testGame[467: CHA201808190]" classname="com.github.alexthesuperb.jopenboxscore.BoxscoreGameAccountTest" time="0"/>
  <testcase name="testGame[468: CHA201808210]" classname="com.github.alexthesuperb.jopenboxscore.BoxscoreGameAccountTest" time="0"/>
  <testcase name="testGame[469: CHA201808220]" classname="com.github.alexthesuperb.jopenboxscore.BoxscoreGameAccountTest" time="0"/>
  <testcase name="testGame[470: CHA201808300]" classname="com.github.alexthesuperb.jopenboxscore.BoxscoreGameAccountTest" time="0"/>
  <testcase name="testGame[471: CHA201808310]" classname="com.github.alexthesuperb.jopenboxscore.BoxscoreGameAccountTest" time="0"/>
  <testcase name="testGame[472: CHA201809010]" classname="com.github.alexthesuperb.jopenboxscore.BoxscoreGameAccountTest" time="0"/>
  <testcase name="testGame[473: CHA201809020]" classname="com.github.alexthesuperb.jopenboxscore.BoxscoreGameAccountTest" time="0"/>
  <testcase name="testGame[474: CHA201809030]" classname="com.github.alexthesuperb.jopenboxscore.BoxscoreGameAccountTest" time="0"/>
  <testcase name="testGame[475: CHA201809040]" classname="com.github.alexthesuperb.jopenboxscore.BoxscoreGameAccountTest" time="0"/>
  <testcase name="testGame[476: CHA201809050]" classname="com.github.alexthesuperb.jopenboxscore.BoxscoreGameAccountTest" time="0"/>
  <testcase name="testGame[477: CHA201809070]" classname="com.github.alexthesuperb.jopenboxscore.BoxscoreGameAccountTest" time="0"/>
  <testcase name="testGame[478: CHA201809080]" classname="com.github.alexthesuperb.jopenboxscore.BoxscoreGameAccountTest" time="0"/>
  <testcase name="testGame[479: CHA201809090]" classname="com.github.alexthesuperb.jopenboxscore.BoxscoreGameAccountTest" time="0"/>
  <testcase name="testGame[480: CHA201809210]" classname="com.github.alexthesuperb.jopenboxscore.BoxscoreGameAccountTest" time="0"/>
  <testcase name="testGame[481: CHA201809220]" classname="com.github.alexthesuperb.jopenboxscore.BoxscoreGameAccountTest" time="0"/>
  <testcase name="testGame[482: CHA201809230]" classname="com.github.alexthesuperb.jopenboxscore.BoxscoreGameAccountTest" time="0"/>
  <testcase name="testGame[483: CHA201809240]" classname="com.github.alexthesuperb.jopenboxscore.BoxscoreGameAccountTest" time="0"/>
  <testcase name="testGame[484: CHA201809250]" classname="com.github.alexthesuperb.jopenboxscore.BoxscoreGameAccountTest" time="0"/>
  <testcase name="testGame[485: CHA201809260]" classname="com.github.alexthesuperb.jopenboxscore.BoxscoreGameAccountTest" time="0"/>
  <testcase name="testGame[486: CHN201804100]" classname="com.github.alexthesuperb.jopenboxscore.BoxscoreGameAccountTest" time="0"/>
  <testcase name="testGame[487: CHN201804110]" classname="com.github.alexthesuperb.jopenboxscore.BoxscoreGameAccountTest" time="0"/>
  <testcase name="testGame[488: CHN201804120]" classname="com.github.alexthesuperb.jopenboxscore.BoxscoreGameAccountTest" time="0"/>
  <testcase name="testGame[489: CHN201804130]" classname="com.github.alexthesuperb.jopenboxscore.BoxscoreGameAccountTest" time="0"/>
  <testcase name="testGame[490: CHN201804140]" classname="com.github.alexthesuperb.jopenboxscore.BoxscoreGameAccountTest" time="0"/>
  <testcase name="testGame[491: CHN201804170]" classname="com.github.alexthesuperb.jopenboxscore.BoxscoreGameAccountTest" time="0"/>
  <testcase name="testGame[492: CHN201804190]" classname="com.github.alexthesuperb.jopenboxscore.BoxscoreGameAccountTest" time="0"/>
  <testcase name="testGame[493: CHN201804260]" classname="com.github.alexthesuperb.jopenboxscore.BoxscoreGameAccountTest" time="0"/>
  <testcase name="testGame[494: CHN201804270]" classname="com.github.alexthesuperb.jopenboxscore.BoxscoreGameAccountTest" time="0"/>
  <testcase name="testGame[495: CHN201804280]" classname="com.github.alexthesuperb.jopenboxscore.BoxscoreGameAccountTest" time="0"/>
  <testcase name="testGame[496: CHN201804290]" classname="com.github.alexthesuperb.jopenboxscore.BoxscoreGameAccountTest" time="0"/>
  <testcase name="testGame[497: CHN201804300]" classname="com.github.alexthesuperb.jopenboxscore.BoxscoreGameAccountTest" time="0">
    <failure message="actual array was null" type="java.lang.AssertionError">java.lang.AssertionError: actual array was null
	at com.github.alexthesuperb.jopenboxscore.BoxscoreGameAccountTest.testGame(BoxscoreGameAccountTest.java:181)
</failure>
  </testcase>
  <testcase name="testGame[498: CHN201805010]" classname="com.github.alexthesuperb.jopenboxscore.BoxscoreGameAccountTest" time="0"/>
  <testcase name="testGame[499: CHN201805020]" classname="com.github.alexthesuperb.jopenboxscore.BoxscoreGameAccountTest" time="0"/>
  <testcase name="testGame[500: CHN201805070]" classname="com.github.alexthesuperb.jopenboxscore.BoxscoreGameAccountTest" time="0"/>
  <testcase name="testGame[501: CHN201805080]" classname="com.github.alexthesuperb.jopenboxscore.BoxscoreGameAccountTest" time="0"/>
  <testcase name="testGame[502: CHN201805090]" classname="com.github.alexthesuperb.jopenboxscore.BoxscoreGameAccountTest" time="0"/>
  <testcase name="testGame[503: CHN201805110]" classname="com.github.alexthesuperb.jopenboxscore.BoxscoreGameAccountTest" time="0"/>
  <testcase name="testGame[504: CHN201805120]" classname="com.github.alexthesuperb.jopenboxscore.BoxscoreGameAccountTest" time="0"/>
  <testcase name="testGame[505: CHN201805130]" classname="com.github.alexthesuperb.jopenboxscore.BoxscoreGameAccountTest" time="0"/>
  <testcase name="testGame[506: CHN201805140]" classname="com.github.alexthesuperb.jopenboxscore.BoxscoreGameAccountTest" time="0.001">
    <failure message="arrays first differed at element [7]; expected:&lt;36&gt; but was:&lt;37&gt;" type="org.junit.internal.ArrayComparisonFailure"><![CDATA[org.junit.internal.ArrayComparisonFailure: arrays first differed at element [7]; expected:<36> but was:<37>
	at com.github.alexthesuperb.jopenboxscore.BoxscoreGameAccountTest.testGame(BoxscoreGameAccountTest.java:181)
]]></failure>
  </testcase>
  <testcase name="testGame[507: CHN201805220]" classname="com.github.alexthesuperb.jopenboxscore.BoxscoreGameAccountTest" time="0"/>
  <testcase name="testGame[508: CHN201805230]" classname="com.github.alexthesuperb.jopenboxscore.BoxscoreGameAccountTest" time="0"/>
  <testcase name="testGame[509: CHN201805250]" classname="com.github.alexthesuperb.jopenboxscore.BoxscoreGameAccountTest" time="0"/>
  <testcase name="testGame[510: CHN201805260]" classname="com.github.alexthesuperb.jopenboxscore.BoxscoreGameAccountTest" time="0"/>
  <testcase name="testGame[511: CHN201805270]" classname="com.github.alexthesuperb.jopenboxscore.BoxscoreGameAccountTest" time="0.001"/>
  <testcase name="testGame[512: CHN201806050]" classname="com.github.alexthesuperb.jopenboxscore.BoxscoreGameAccountTest" time="0"/>
  <testcase name="testGame[513: CHN201806060]" classname="com.github.alexthesuperb.jopenboxscore.BoxscoreGameAccountTest" time="0"/>
  <testcase name="testGame[514: CHN201806070]" classname="com.github.alexthesuperb.jopenboxscore.BoxscoreGameAccountTest" time="0"/>
  <testcase name="testGame[515: CHN201806080]" classname="com.github.alexthesuperb.jopenboxscore.BoxscoreGameAccountTest" time="0"/>
  <testcase name="testGame[516: CHN201806090]" classname="com.github.alexthesuperb.jopenboxscore.BoxscoreGameAccountTest" time="0"/>
  <testcase name="testGame[517: CHN201806100]" classname="com.github.alexthesuperb.jopenboxscore.BoxscoreGameAccountTest" time="0"/>
  <testcase name="testGame[518: CHN201806191]" classname="com.github.alexthesuperb.jopenboxscore.BoxscoreGameAccountTest" time="0"/>
  <testcase name="testGame[519: CHN201806192]" classname="com.github.alexthesuperb.jopenboxscore.BoxscoreGameAccountTest" time="0"/>
  <testcase name="testGame[520: CHN201806200]" classname="com.github.alexthesuperb.jopenboxscore.BoxscoreGameAccountTest" time="0"/>
  <testcase name="testGame[521: CHN201806290]" classname="com.github.alexthesuperb.jopenboxscore.BoxscoreGameAccountTest" time="0"/>
  <testcase name="testGame[522: CHN201806300]" classname="com.github.alexthesuperb.jopenboxscore.BoxscoreGameAccountTest" time="0"/>
  <testcase name="testGame[523: CHN201807010]" classname="com.github.alexthesuperb.jopenboxscore.BoxscoreGameAccountTest" time="0"/>
  <testcase name="testGame[524: CHN201807030]" classname="com.github.alexthesuperb.jopenboxscore.BoxscoreGameAccountTest" time="0"/>
  <testcase name="testGame[525: CHN201807040]" classname="com.github.alexthesuperb.jopenboxscore.BoxscoreGameAccountTest" time="0"/>
  <testcase name="testGame[526: CHN201807060]" classname="com.github.alexthesuperb.jopenboxscore.BoxscoreGameAccountTest" time="0"/>
  <testcase name="testGame[527: CHN201807070]" classname="com.github.alexthesuperb.jopenboxscore.BoxscoreGameAccountTest" time="0"/>
  <testcase name="testGame[528: CHN201807080]" classname="com.github.alexthesuperb.jopenboxscore.BoxscoreGameAccountTest" time="0"/>
  <testcase name="testGame[529: CHN201807190]" classname="com.github.alexthesuperb.jopenboxscore.BoxscoreGameAccountTest" time="0"/>
  <testcase name="testGame[530: CHN201807200]" classname="com.github.alexthesuperb.jopenboxscore.BoxscoreGameAccountTest" time="0"/>
  <testcase name="testGame[531: CHN201807211]" classname="com.github.alexthesuperb.jopenboxscore.BoxscoreGameAccountTest" time="0"/>
  <testcase name="testGame[532: CHN201807212]" classname="com.github.alexthesuperb.jopenboxscore.BoxscoreGameAccountTest" time="0"/>
  <testcase name="testGame[533: CHN201807220]" classname="com.github.alexthesuperb.jopenboxscore.BoxscoreGameAccountTest" time="0"/>
  <testcase name="testGame[534: CHN201807230]" classname="com.github.alexthesuperb.jopenboxscore.BoxscoreGameAccountTest" time="0"/>
  <testcase name="testGame[535: CHN201807240]" classname="com.github.alexthesuperb.jopenboxscore.BoxscoreGameAccountTest" time="0"/>
  <testcase name="testGame[536: CHN201807250]" classname="com.github.alexthesuperb.jopenboxscore.BoxscoreGameAccountTest" time="0"/>
  <testcase name="testGame[537: CHN201807260]" classname="com.github.alexthesuperb.jopenboxscore.BoxscoreGameAccountTest" time="0"/>
  <testcase name="testGame[538: CHN201808020]" classname="com.github.alexthesuperb.jopenboxscore.BoxscoreGameAccountTest" time="0"/>
  <testcase name="testGame[539: CHN201808030]" classname="com.github.alexthesuperb.jopenboxscore.BoxscoreGameAccountTest" time="0"/>
  <testcase name="testGame[540: CHN201808040]" classname="com.github.alexthesuperb.jopenboxscore.BoxscoreGameAccountTest" time="0"/>
  <testcase name="testGame[541: CHN201808050]" classname="com.github.alexthesuperb.jopenboxscore.BoxscoreGameAccountTest" time="0"/>
  <testcase name="testGame[542: CHN201808100]" classname="com.github.alexthesuperb.jopenboxscore.BoxscoreGameAccountTest" time="0"/>
[...]
  <testcase name="testGame[2292: TOR201805180]" classname="com.github.alexthesuperb.jopenboxscore.BoxscoreGameAccountTest" time="0.004"/>
  <testcase name="testGame[2293: TOR201805190]" classname="com.github.alexthesuperb.jopenboxscore.BoxscoreGameAccountTest" time="0"/>
  <testcase name="testGame[2294: TOR201805200]" classname="com.github.alexthesuperb.jopenboxscore.BoxscoreGameAccountTest" time="0">
    <failure message="arrays first differed at element [3]; expected:&lt;54&gt; but was:&lt;55&gt;" type="org.junit.internal.ArrayComparisonFailure"><![CDATA[org.junit.internal.ArrayComparisonFailure: arrays first differed at element [3]; expected:<54> but was:<55>
	at com.github.alexthesuperb.jopenboxscore.BoxscoreGameAccountTest.testGame(BoxscoreGameAccountTest.java:181)
]]></failure>
  </testcase>
  <testcase name="testGame[2295: TOR201805220]" classname="com.github.alexthesuperb.jopenboxscore.BoxscoreGameAccountTest" time="0"/>
  <testcase name="testGame[2296: TOR201805230]" classname="com.github.alexthesuperb.jopenboxscore.BoxscoreGameAccountTest" time="0"/>
  <testcase name="testGame[2297: TOR201805240]" classname="com.github.alexthesuperb.jopenboxscore.BoxscoreGameAccountTest" time="0"/>
  <testcase name="testGame[2298: TOR201806050]" classname="com.github.alexthesuperb.jopenboxscore.BoxscoreGameAccountTest" time="0"/>
  <testcase name="testGame[2299: TOR201806060]" classname="com.github.alexthesuperb.jopenboxscore.BoxscoreGameAccountTest" time="0"/>
  <testcase name="testGame[2300: TOR201806070]" classname="com.github.alexthesuperb.jopenboxscore.BoxscoreGameAccountTest" time="0"/>
  <testcase name="testGame[2301: TOR201806080]" classname="com.github.alexthesuperb.jopenboxscore.BoxscoreGameAccountTest" time="0"/>
  <testcase name="testGame[2302: TOR201806090]" classname="com.github.alexthesuperb.jopenboxscore.BoxscoreGameAccountTest" time="0"/>
  <testcase name="testGame[2303: TOR201806100]" classname="com.github.alexthesuperb.jopenboxscore.BoxscoreGameAccountTest" time="0"/>
  <testcase name="testGame[2304: TOR201806150]" classname="com.github.alexthesuperb.jopenboxscore.BoxscoreGameAccountTest" time="0"/>
  <testcase name="testGame[2305: TOR201806160]" classname="com.github.alexthesuperb.jopenboxscore.BoxscoreGameAccountTest" time="0"/>
  <testcase name="testGame[2306: TOR201806170]" classname="com.github.alexthesuperb.jopenboxscore.BoxscoreGameAccountTest" time="0"/>
  <testcase name="testGame[2307: TOR201806190]" classname="com.github.alexthesuperb.jopenboxscore.BoxscoreGameAccountTest" time="0"/>
  <testcase name="testGame[2308: TOR201806200]" classname="com.github.alexthesuperb.jopenboxscore.BoxscoreGameAccountTest" time="0"/>
  <testcase name="testGame[2309: TOR201806290]" classname="com.github.alexthesuperb.jopenboxscore.BoxscoreGameAccountTest" time="0"/>
  <testcase name="testGame[2310: TOR201806300]" classname="com.github.alexthesuperb.jopenboxscore.BoxscoreGameAccountTest" time="0"/>
  <testcase name="testGame[2311: TOR201807010]" classname="com.github.alexthesuperb.jopenboxscore.BoxscoreGameAccountTest" time="0"/>
  <testcase name="testGame[2312: TOR201807020]" classname="com.github.alexthesuperb.jopenboxscore.BoxscoreGameAccountTest" time="0"/>
  <testcase name="testGame[2313: TOR201807030]" classname="com.github.alexthesuperb.jopenboxscore.BoxscoreGameAccountTest" time="0"/>
  <testcase name="testGame[2314: TOR201807040]" classname="com.github.alexthesuperb.jopenboxscore.BoxscoreGameAccountTest" time="0"/>
  <testcase name="testGame[2315: TOR201807060]" classname="com.github.alexthesuperb.jopenboxscore.BoxscoreGameAccountTest" time="0"/>
  <testcase name="testGame[2316: TOR201807070]" classname="com.github.alexthesuperb.jopenboxscore.BoxscoreGameAccountTest" time="0"/>
  <testcase name="testGame[2317: TOR201807080]" classname="com.github.alexthesuperb.jopenboxscore.BoxscoreGameAccountTest" time="0"/>
  <testcase name="testGame[2318: TOR201807200]" classname="com.github.alexthesuperb.jopenboxscore.BoxscoreGameAccountTest" time="0"/>
  <testcase name="testGame[2319: TOR201807210]" classname="com.github.alexthesuperb.jopenboxscore.BoxscoreGameAccountTest" time="0"/>
  <testcase name="testGame[2320: TOR201807220]" classname="com.github.alexthesuperb.jopenboxscore.BoxscoreGameAccountTest" time="0"/>
  <testcase name="testGame[2321: TOR201807230]" classname="com.github.alexthesuperb.jopenboxscore.BoxscoreGameAccountTest" time="0"/>
  <testcase name="testGame[2322: TOR201807240]" classname="com.github.alexthesuperb.jopenboxscore.BoxscoreGameAccountTest" time="0"/>
  <testcase name="testGame[2323: TOR201807250]" classname="com.github.alexthesuperb.jopenboxscore.BoxscoreGameAccountTest" time="0"/>
  <testcase name="testGame[2324: TOR201808070]" classname="com.github.alexthesuperb.jopenboxscore.BoxscoreGameAccountTest" time="0"/>
  <testcase name="testGame[2325: TOR201808080]" classname="com.github.alexthesuperb.jopenboxscore.BoxscoreGameAccountTest" time="0"/>
  <testcase name="testGame[2326: TOR201808090]" classname="com.github.alexthesuperb.jopenboxscore.BoxscoreGameAccountTest" time="0"/>
  <testcase name="testGame[2327: TOR201808100]" classname="com.github.alexthesuperb.jopenboxscore.BoxscoreGameAccountTest" time="0"/>
  <testcase name="testGame[2328: TOR201808110]" classname="com.github.alexthesuperb.jopenboxscore.BoxscoreGameAccountTest" time="0"/>
  <testcase name="testGame[2329: TOR201808120]" classname="com.github.alexthesuperb.jopenboxscore.BoxscoreGameAccountTest" time="0"/>
  <testcase name="testGame[2330: TOR201808200]" classname="com.github.alexthesuperb.jopenboxscore.BoxscoreGameAccountTest" time="0"/>
  <testcase name="testGame[2331: TOR201808210]" classname="com.github.alexthesuperb.jopenboxscore.BoxscoreGameAccountTest" time="0"/>
  <testcase name="testGame[2332: TOR201808220]" classname="com.github.alexthesuperb.jopenboxscore.BoxscoreGameAccountTest" time="0"/>
  <testcase name="testGame[2333: TOR201808240]" classname="com.github.alexthesuperb.jopenboxscore.BoxscoreGameAccountTest" time="0"/>
  <testcase name="testGame[2334: TOR201808250]" classname="com.github.alexthesuperb.jopenboxscore.BoxscoreGameAccountTest" time="0"/>
  <testcase name="testGame[2335: TOR201808260]" classname="com.github.alexthesuperb.jopenboxscore.BoxscoreGameAccountTest" time="0"/>
  <testcase name="testGame[2336: TOR201809030]" classname="com.github.alexthesuperb.jopenboxscore.BoxscoreGameAccountTest" time="0"/>
  <testcase name="testGame[2337: TOR201809040]" classname="com.github.alexthesuperb.jopenboxscore.BoxscoreGameAccountTest" time="0"/>
  <testcase name="testGame[2338: TOR201809050]" classname="com.github.alexthesuperb.jopenboxscore.BoxscoreGameAccountTest" time="0"/>
  <testcase name="testGame[2339: TOR201809060]" classname="com.github.alexthesuperb.jopenboxscore.BoxscoreGameAccountTest" time="0"/>
  <testcase name="testGame[2340: TOR201809070]" classname="com.github.alexthesuperb.jopenboxscore.BoxscoreGameAccountTest" time="0"/>
  <testcase name="testGame[2341: TOR201809080]" classname="com.github.alexthesuperb.jopenboxscore.BoxscoreGameAccountTest" time="0"/>
  <testcase name="testGame[2342: TOR201809090]" classname="com.github.alexthesuperb.jopenboxscore.BoxscoreGameAccountTest" time="0"/>
  <testcase name="testGame[2343: TOR201809200]" classname="com.github.alexthesuperb.jopenboxscore.BoxscoreGameAccountTest" time="0"/>
  <testcase name="testGame[2344: TOR201809210]" classname="com.github.alexthesuperb.jopenboxscore.BoxscoreGameAccountTest" time="0.001"/>
  <testcase name="testGame[2345: TOR201809220]" classname="com.github.alexthesuperb.jopenboxscore.BoxscoreGameAccountTest" time="0"/>
  <testcase name="testGame[2346: TOR201809230]" classname="com.github.alexthesuperb.jopenboxscore.BoxscoreGameAccountTest" time="0"/>
  <testcase name="testGame[2347: TOR201809240]" classname="com.github.alexthesuperb.jopenboxscore.BoxscoreGameAccountTest" time="0"/>
  <testcase name="testGame[2348: TOR201809250]" classname="com.github.alexthesuperb.jopenboxscore.BoxscoreGameAccountTest" time="0"/>
  <testcase name="testGame[2349: TOR201809260]" classname="com.github.alexthesuperb.jopenboxscore.BoxscoreGameAccountTest" time="0"/>
  <testcase name="testGame[2350: WAS201804050]" classname="com.github.alexthesuperb.jopenboxscore.BoxscoreGameAccountTest" time="0"/>
  <testcase name="testGame[2351: WAS201804070]" classname="com.github.alexthesuperb.jopenboxscore.BoxscoreGameAccountTest" time="0"/>
  <testcase name="testGame[2352: WAS201804080]" classname="com.github.alexthesuperb.jopenboxscore.BoxscoreGameAccountTest" time="0"/>
  <testcase name="testGame[2353: WAS201804090]" classname="com.github.alexthesuperb.jopenboxscore.BoxscoreGameAccountTest" time="0"/>
  <testcase name="testGame[2354: WAS201804100]" classname="com.github.alexthesuperb.jopenboxscore.BoxscoreGameAccountTest" time="0"/>
  <testcase name="testGame[2355: WAS201804110]" classname="com.github.alexthesuperb.jopenboxscore.BoxscoreGameAccountTest" time="0.001"/>
  <testcase name="testGame[2356: WAS201804120]" classname="com.github.alexthesuperb.jopenboxscore.BoxscoreGameAccountTest" time="0"/>
  <testcase name="testGame[2357: WAS201804130]" classname="com.github.alexthesuperb.jopenboxscore.BoxscoreGameAccountTest" time="0"/>
  <testcase name="testGame[2358: WAS201804140]" classname="com.github.alexthesuperb.jopenboxscore.BoxscoreGameAccountTest" time="0"/>
  <testcase name="testGame[2359: WAS201804150]" classname="com.github.alexthesuperb.jopenboxscore.BoxscoreGameAccountTest" time="0"/>
  <testcase name="testGame[2360: WAS201804270]" classname="com.github.alexthesuperb.jopenboxscore.BoxscoreGameAccountTest" time="0"/>
  <testcase name="testGame[2361: WAS201804280]" classname="com.github.alexthesuperb.jopenboxscore.BoxscoreGameAccountTest" time="0"/>
  <testcase name="testGame[2362: WAS201804290]" classname="com.github.alexthesuperb.jopenboxscore.BoxscoreGameAccountTest" time="0"/>
  <testcase name="testGame[2363: WAS201804300]" classname="com.github.alexthesuperb.jopenboxscore.BoxscoreGameAccountTest" time="0"/>
  <testcase name="testGame[2364: WAS201805010]" classname="com.github.alexthesuperb.jopenboxscore.BoxscoreGameAccountTest" time="0"/>
  <testcase name="testGame[2365: WAS201805020]" classname="com.github.alexthesuperb.jopenboxscore.BoxscoreGameAccountTest" time="0">
    <failure message="actual array was null" type="java.lang.AssertionError">java.lang.AssertionError: actual array was null
	at com.github.alexthesuperb.jopenboxscore.BoxscoreGameAccountTest.testGame(BoxscoreGameAccountTest.java:181)
</failure>
  </testcase>
  <testcase name="testGame[2366: WAS201805030]" classname="com.github.alexthesuperb.jopenboxscore.BoxscoreGameAccountTest" time="0"/>
  <testcase name="testGame[2367: WAS201805040]" classname="com.github.alexthesuperb.jopenboxscore.BoxscoreGameAccountTest" time="0"/>
  <testcase name="testGame[2368: WAS201805050]" classname="com.github.alexthesuperb.jopenboxscore.BoxscoreGameAccountTest" time="0"/>
  <testcase name="testGame[2369: WAS201805060]" classname="com.github.alexthesuperb.jopenboxscore.BoxscoreGameAccountTest" time="0"/>
  <testcase name="testGame[2370: WAS201805150]" classname="com.github.alexthesuperb.jopenboxscore.BoxscoreGameAccountTest" time="0">
    <failure message="arrays first differed at element [5]; expected:&lt;175&gt; but was:&lt;9&gt;" type="org.junit.internal.ArrayComparisonFailure"><![CDATA[org.junit.internal.ArrayComparisonFailure: arrays first differed at element [5]; expected:<175> but was:<9>
	at com.github.alexthesuperb.jopenboxscore.BoxscoreGameAccountTest.testGame(BoxscoreGameAccountTest.java:181)
]]></failure>
  </testcase>
  <testcase name="testGame[2371: WAS201805191]" classname="com.github.alexthesuperb.jopenboxscore.BoxscoreGameAccountTest" time="0"/>
  <testcase name="testGame[2372: WAS201805192]" classname="com.github.alexthesuperb.jopenboxscore.BoxscoreGameAccountTest" time="0"/>
  <testcase name="testGame[2373: WAS201805200]" classname="com.github.alexthesuperb.jopenboxscore.BoxscoreGameAccountTest" time="0"/>
  <testcase name="testGame[2374: WAS201805210]" classname="com.github.alexthesuperb.jopenboxscore.BoxscoreGameAccountTest" time="0"/>
  <testcase name="testGame[2375: WAS201805220]" classname="com.github.alexthesuperb.jopenboxscore.BoxscoreGameAccountTest" time="0"/>
  <testcase name="testGame[2376: WAS201805230]" classname="com.github.alexthesuperb.jopenboxscore.BoxscoreGameAccountTest" time="0"/>
  <testcase name="testGame[2377: WAS201806050]" classname="com.github.alexthesuperb.jopenboxscore.BoxscoreGameAccountTest" time="0"/>
  <testcase name="testGame[2378: WAS201806060]" classname="com.github.alexthesuperb.jopenboxscore.BoxscoreGameAccountTest" time="0"/>
  <testcase name="testGame[2379: WAS201806080]" classname="com.github.alexthesuperb.jopenboxscore.BoxscoreGameAccountTest" time="0"/>
  <testcase name="testGame[2380: WAS201806090]" classname="com.github.alexthesuperb.jopenboxscore.BoxscoreGameAccountTest" time="0"/>
  <testcase name="testGame[2381: WAS201806100]" classname="com.github.alexthesuperb.jopenboxscore.BoxscoreGameAccountTest" time="0.002"/>
  <testcase name="testGame[2382: WAS201806180]" classname="com.github.alexthesuperb.jopenboxscore.BoxscoreGameAccountTest" time="0.001"/>
  <testcase name="testGame[2383: WAS201806190]" classname="com.github.alexthesuperb.jopenboxscore.BoxscoreGameAccountTest" time="0"/>
  <testcase name="testGame[2384: WAS201806200]" classname="com.github.alexthesuperb.jopenboxscore.BoxscoreGameAccountTest" time="0"/>
  <testcase name="testGame[2385: WAS201806210]" classname="com.github.alexthesuperb.jopenboxscore.BoxscoreGameAccountTest" time="0"/>
  <testcase name="testGame[2386: WAS201806220]" classname="com.github.alexthesuperb.jopenboxscore.BoxscoreGameAccountTest" time="0"/>
  <testcase name="testGame[2387: WAS201806230]" classname="com.github.alexthesuperb.jopenboxscore.BoxscoreGameAccountTest" time="0"/>
  <testcase name="testGame[2388: WAS201806240]" classname="com.github.alexthesuperb.jopenboxscore.BoxscoreGameAccountTest" time="0"/>
  <testcase name="testGame[2389: WAS201807020]" classname="com.github.alexthesuperb.jopenboxscore.BoxscoreGameAccountTest" time="0.002"/>
  <testcase name="testGame[2390: WAS201807030]" classname="com.github.alexthesuperb.jopenboxscore.BoxscoreGameAccountTest" time="0"/>
  <testcase name="testGame[2391: WAS201807040]" classname="com.github.alexthesuperb.jopenboxscore.BoxscoreGameAccountTest" time="0"/>
  <testcase name="testGame[2392: WAS201807050]" classname="com.github.alexthesuperb.jopenboxscore.BoxscoreGameAccountTest" time="0"/>
  <testcase name="testGame[2393: WAS201807060]" classname="com.github.alexthesuperb.jopenboxscore.BoxscoreGameAccountTest" time="0"/>
  <testcase name="testGame[2394: WAS201807070]" classname="com.github.alexthesuperb.jopenboxscore.BoxscoreGameAccountTest" time="0"/>
  <testcase name="testGame[2395: WAS201807080]" classname="com.github.alexthesuperb.jopenboxscore.BoxscoreGameAccountTest" time="0"/>
  <testcase name="testGame[2396: WAS201807200]" classname="com.github.alexthesuperb.jopenboxscore.BoxscoreGameAccountTest" time="0"/>
  <testcase name="testGame[2397: WAS201807220]" classname="com.github.alexthesuperb.jopenboxscore.BoxscoreGameAccountTest" time="0"/>
  <testcase name="testGame[2398: WAS201807310]" classname="com.github.alexthesuperb.jopenboxscore.BoxscoreGameAccountTest" time="0"/>
  <testcase name="testGame[2399: WAS201808010]" classname="com.github.alexthesuperb.jopenboxscore.BoxscoreGameAccountTest" time="0"/>
  <testcase name="testGame[2400: WAS201808020]" classname="com.github.alexthesuperb.jopenboxscore.BoxscoreGameAccountTest" time="0"/>
  <testcase name="testGame[2401: WAS201808041]" classname="com.github.alexthesuperb.jopenboxscore.BoxscoreGameAccountTest" time="0"/>
  <testcase name="testGame[2402: WAS201808042]" classname="com.github.alexthesuperb.jopenboxscore.BoxscoreGameAccountTest" time="0"/>
  <testcase name="testGame[2403: WAS201808050]" classname="com.github.alexthesuperb.jopenboxscore.BoxscoreGameAccountTest" time="0"/>
  <testcase name="testGame[2404: WAS201808071]" classname="com.github.alexthesuperb.jopenboxscore.BoxscoreGameAccountTest" time="0"/>
  <testcase name="testGame[2405: WAS201808072]" classname="com.github.alexthesuperb.jopenboxscore.BoxscoreGameAccountTest" time="0"/>
  <testcase name="testGame[2406: WAS201808080]" classname="com.github.alexthesuperb.jopenboxscore.BoxscoreGameAccountTest" time="0"/>
  <testcase name="testGame[2407: WAS201808090]" classname="com.github.alexthesuperb.jopenboxscore.BoxscoreGameAccountTest" time="0">
    <failure message="actual array was null" type="java.lang.AssertionError">java.lang.AssertionError: actual array was null
	at com.github.alexthesuperb.jopenboxscore.BoxscoreGameAccountTest.testGame(BoxscoreGameAccountTest.java:181)
</failure>
  </testcase>
  <testcase name="testGame[2408: WAS201808170]" classname="com.github.alexthesuperb.jopenboxscore.BoxscoreGameAccountTest" time="0"/>
  <testcase name="testGame[2409: WAS201808180]" classname="com.github.alexthesuperb.jopenboxscore.BoxscoreGameAccountTest" time="0"/>
  <testcase name="testGame[2410: WAS201808190]" classname="com.github.alexthesuperb.jopenboxscore.BoxscoreGameAccountTest" time="0"/>
  <testcase name="testGame[2411: WAS201808210]" classname="com.github.alexthesuperb.jopenboxscore.BoxscoreGameAccountTest" time="0"/>
  <testcase name="testGame[2412: WAS201808220]" classname="com.github.alexthesuperb.jopenboxscore.BoxscoreGameAccountTest" time="0"/>
  <testcase name="testGame[2413: WAS201808230]" classname="com.github.alexthesuperb.jopenboxscore.BoxscoreGameAccountTest" time="0"/>
  <testcase name="testGame[2414: WAS201808310]" classname="com.github.alexthesuperb.jopenboxscore.BoxscoreGameAccountTest" time="0"/>
  <testcase name="testGame[2415: WAS201809010]" classname="com.github.alexthesuperb.jopenboxscore.BoxscoreGameAccountTest" time="0"/>
  <testcase name="testGame[2416: WAS201809020]" classname="com.github.alexthesuperb.jopenboxscore.BoxscoreGameAccountTest" time="0"/>
  <testcase name="testGame[2417: WAS201809030]" classname="com.github.alexthesuperb.jopenboxscore.BoxscoreGameAccountTest" time="0"/>
  <testcase name="testGame[2418: WAS201809040]" classname="com.github.alexthesuperb.jopenboxscore.BoxscoreGameAccountTest" time="0"/>
  <testcase name="testGame[2419: WAS201809050]" classname="com.github.alexthesuperb.jopenboxscore.BoxscoreGameAccountTest" time="0"/>
  <testcase name="testGame[2420: WAS201809060]" classname="com.github.alexthesuperb.jopenboxscore.BoxscoreGameAccountTest" time="0"/>
  <testcase name="testGame[2421: WAS201809081]" classname="com.github.alexthesuperb.jopenboxscore.BoxscoreGameAccountTest" time="0"/>
  <testcase name="testGame[2422: WAS201809082]" classname="com.github.alexthesuperb.jopenboxscore.BoxscoreGameAccountTest" time="0"/>
  <testcase name="testGame[2423: WAS201809130]" classname="com.github.alexthesuperb.jopenboxscore.BoxscoreGameAccountTest" time="0"/>
  <testcase name="testGame[2424: WAS201809200]" classname="com.github.alexthesuperb.jopenboxscore.BoxscoreGameAccountTest" time="0"/>
  <testcase name="testGame[2425: WAS201809210]" classname="com.github.alexthesuperb.jopenboxscore.BoxscoreGameAccountTest" time="0"/>
  <testcase name="testGame[2426: WAS201809220]" classname="com.github.alexthesuperb.jopenboxscore.BoxscoreGameAccountTest" time="0"/>
  <testcase name="testGame[2427: WAS201809230]" classname="com.github.alexthesuperb.jopenboxscore.BoxscoreGameAccountTest" time="0"/>
  <testcase name="testGame[2428: WAS201809240]" classname="com.github.alexthesuperb.jopenboxscore.BoxscoreGameAccountTest" time="0"/>
  <testcase name="testGame[2429: WAS201809250]" classname="com.github.alexthesuperb.jopenboxscore.BoxscoreGameAccountTest" time="0"/>
  <testcase name="testGame[2430: WAS201809260]" classname="com.github.alexthesuperb.jopenboxscore.BoxscoreGameAccountTest" time="0"/>
</testsuite>